#
# A fatal error has been detected by the Java Runtime Environment:
#
#  EXCEPTION_ACCESS_VIOLATION (0xc0000005) at pc=0x00007ffdbd545ef2, pid=9168, tid=8680
#
# JRE version: OpenJDK Runtime Environment (11.0.15) (build 11.0.15+0-b2043.56-9505619)
# Java VM: OpenJDK 64-Bit Server VM (11.0.15+0-b2043.56-9505619, mixed mode, tiered, compressed oops, g1 gc, windows-amd64)
# Problematic frame:
# V  [jvm.dll+0x1b5ef2]
#
# No core dump will be written. Minidumps are not enabled by default on client versions of Windows
#
# If you would like to submit a bug report, please visit:
#   https://bugreport.java.com/bugreport/crash.jsp
#

---------------  S U M M A R Y ------------

Command Line: --add-opens=java.base/java.util=ALL-UNNAMED --add-opens=java.base/java.lang=ALL-UNNAMED --add-opens=java.base/java.lang.invoke=ALL-UNNAMED --add-opens=java.base/java.util=ALL-UNNAMED --add-opens=java.prefs/java.util.prefs=ALL-UNNAMED --add-opens=java.prefs/java.util.prefs=ALL-UNNAMED --add-opens=java.base/java.nio.charset=ALL-UNNAMED --add-opens=java.base/java.net=ALL-UNNAMED --add-opens=java.base/java.util.concurrent.atomic=ALL-UNNAMED -Xmx2048m -Dfile.encoding=UTF-8 -Duser.country=US -Duser.language=en -Duser.variant org.gradle.launcher.daemon.bootstrap.GradleDaemon 7.3.3

Host: AMD A8-6410 APU with AMD Radeon R5 Graphics    , 4 cores, 6G,  Windows 10 , 64 bit Build 19041 (10.0.19041.2788)
Time: Mon May  1 18:04:47 2023 India Standard Time elapsed time: 49.210763 seconds (0d 0h 0m 49s)

---------------  T H R E A D  ---------------

Current thread (0x000001bdebfe2800):  JavaThread "C2 CompilerThread1" daemon [_thread_in_native, id=8680, stack(0x0000002f9ca00000,0x0000002f9cb00000)]


Current CompileTask:
C2:  49211 9298       4       com.android.builder.testing.MockableJarGenerator::fixMethodBody (357 bytes)

Stack: [0x0000002f9ca00000,0x0000002f9cb00000],  sp=0x0000002f9cafb970,  free space=1006k
Native frames: (J=compiled Java code, j=interpreted, Vv=VM code, C=native code)
V  [jvm.dll+0x1b5ef2]
V  [jvm.dll+0x1b35ee]
V  [jvm.dll+0x22163e]
V  [jvm.dll+0x220498]
V  [jvm.dll+0x19e851]
V  [jvm.dll+0x230479]
V  [jvm.dll+0x22e5ef]
V  [jvm.dll+0x794de1]
V  [jvm.dll+0x78dc24]
V  [jvm.dll+0x6400f6]
C  [ucrtbase.dll+0x21bb2]
C  [KERNEL32.DLL+0x17604]
C  [ntdll.dll+0x526a1]


siginfo: EXCEPTION_ACCESS_VIOLATION (0xc0000005), reading address 0x000001bd8d31d0f0


Register to memory mapping:

RIP=0x00007ffdbd545ef2 jvm.dll
RAX=0x000001bdef595970 points into unknown readable memory: 0x0000000000000000 | 00 00 00 00 00 00 00 00
RBX=0x0 is NULL
RCX=0xffffffffe7761de0 is an unknown value
RDX=0x00000000000006da is an unknown value
RSP=0x0000002f9cafb970 is pointing into the stack for thread: 0x000001bdebfe2800
RBP=0xffffffffffffffff is an unknown value
RSI=0x000001bded91aab8 points into unknown readable memory: 0x000001bde7761f48 | 48 1f 76 e7 bd 01 00 00
RDI=0x000001bde6d29148 points into unknown readable memory: 0x00007ffdbdc349d8 | d8 49 c3 bd fd 7f 00 00
R8 =0x0 is NULL
R9 =0x0000000000000001 is an unknown value
R10=0x0 is NULL
R11=0x0 is NULL
R12=0x0000000000000001 is an unknown value
R13=0x0000000000000001 is an unknown value
R14=0x0000002f9cafbe90 is pointing into the stack for thread: 0x000001bdebfe2800
R15=0x0000000000000010 is an unknown value


Registers:
RAX=0x000001bdef595970, RBX=0x0000000000000000, RCX=0xffffffffe7761de0, RDX=0x00000000000006da
RSP=0x0000002f9cafb970, RBP=0xffffffffffffffff, RSI=0x000001bded91aab8, RDI=0x000001bde6d29148
R8 =0x0000000000000000, R9 =0x0000000000000001, R10=0x0000000000000000, R11=0x0000000000000000
R12=0x0000000000000001, R13=0x0000000000000001, R14=0x0000002f9cafbe90, R15=0x0000000000000010
RIP=0x00007ffdbd545ef2, EFLAGS=0x0000000000010246

Top of Stack: (sp=0x0000002f9cafb970)
0x0000002f9cafb970:   000001bdef395b70 0000002f0000000d
0x0000002f9cafb980:   0000000000000000 000001bde3b274c0
0x0000002f9cafb990:   0000050a0000000a 00007ffd00000003
0x0000002f9cafb9a0:   000001bde6d29148 0000002f9cafba40
0x0000002f9cafb9b0:   0000000000000000 0000000000000000
0x0000002f9cafb9c0:   000000000008fca0 000001bdeb7d65a0
0x0000002f9cafb9d0:   000001bdeb7d6988 000001bdeb7d65b0
0x0000002f9cafb9e0:   0000002f9cafbf78 0000002f9cafbb10
0x0000002f9cafb9f0:   00000000000003d8 0000000000000000
0x0000002f9cafba00:   0000002f9cafbe90 00007ffdbd5435ee
0x0000002f9cafba10:   0000002f9cafbe90 0000002f9cafbb01
0x0000002f9cafba20:   0000002f9cafbf00 00000000ffffffff
0x0000002f9cafba30:   0000000000000000 00007ffdbdc33ca8
0x0000002f9cafba40:   0000000000000006 000001bdeb7d65a0
0x0000002f9cafba50:   000001bdef37e820 000001bdef40e570
0x0000002f9cafba60:   000001bdef40e570 000000000011fe58 

Instructions: (pc=0x00007ffdbd545ef2)
0x00007ffdbd545df2:   08 4c 8b 40 08 49 8b 40 08 4c 8b 40 18 48 8b 81
0x00007ffdbd545e02:   28 01 00 00 4d 63 48 28 46 8b 04 88 48 8b 41 70
0x00007ffdbd545e12:   4b 8d 14 80 48 8b 48 20 48 c1 e2 05 f2 0f 10 04
0x00007ffdbd545e22:   0a f2 0f 58 05 85 36 70 00 f2 0f 11 04 0a 33 c9
0x00007ffdbd545e32:   49 8b 46 48 89 4c 24 24 39 48 40 0f 86 4e 07 00
0x00007ffdbd545e42:   00 48 89 6c 24 78 48 8d 69 ff 48 89 74 24 70 4c
0x00007ffdbd545e52:   89 64 24 68 4c 89 6c 24 60 44 8d 69 01 4c 89 7c
0x00007ffdbd545e62:   24 58 44 8d 79 10 0f 29 74 24 40 f2 0f 10 35 fb
0x00007ffdbd545e72:   34 6e 00 66 66 66 0f 1f 84 00 00 00 00 00 48 8b
0x00007ffdbd545e82:   40 30 48 8b 3c c8 41 8b c5 48 89 7c 24 30 89 44
0x00007ffdbd545e92:   24 20 83 7f 28 01 0f 86 be 06 00 00 66 90 3b 47
0x00007ffdbd545ea2:   18 73 0c 8b c8 48 8b 47 20 48 8b 34 c8 eb 02 33
0x00007ffdbd545eb2:   f6 8b 46 2c 45 8b e5 24 03 c6 84 24 b0 00 00 00
0x00007ffdbd545ec2:   00 3c 02 75 17 48 8b 06 48 8b ce c6 84 24 b0 00
0x00007ffdbd545ed2:   00 00 01 ff 90 c0 00 00 00 44 8b e0 49 8b 86 28
0x00007ffdbd545ee2:   01 00 00 48 63 4e 28 44 0f b7 46 30 41 83 e0 01
0x00007ffdbd545ef2:   8b 14 88 49 8b 46 70 48 8d 1c 92 48 c1 e3 05 48
0x00007ffdbd545f02:   03 58 20 85 d2 0f 84 28 03 00 00 45 85 c0 74 3a
0x00007ffdbd545f12:   81 8b 98 00 00 00 00 10 00 00 48 8b 46 08 4a 8b
0x00007ffdbd545f22:   0c c0 49 8b 86 28 01 00 00 48 63 51 28 8b 0c 90
0x00007ffdbd545f32:   49 8b 46 70 48 8d 14 89 48 c1 e2 05 48 03 50 20
0x00007ffdbd545f42:   81 8a 98 00 00 00 00 10 00 00 48 8b 06 48 8b ce
0x00007ffdbd545f52:   ff 50 28 4c 8b f8 8b 50 10 8d 4a e5 83 f9 01 76
0x00007ffdbd545f62:   08 8d 4a e2 83 f9 01 77 07 83 8b 98 00 00 00 02
0x00007ffdbd545f72:   8b 4e 28 8b c1 c1 e8 05 41 3b 86 90 00 00 00 73
0x00007ffdbd545f82:   62 44 8b c0 83 e1 1f 49 8b 86 98 00 00 00 41 8b
0x00007ffdbd545f92:   d5 d3 e2 42 8b 04 80 23 c2 74 48 44 8b 8b 98 00
0x00007ffdbd545fa2:   00 00 41 83 c9 08 44 89 8b 98 00 00 00 8b 4e 28
0x00007ffdbd545fb2:   8b c1 c1 e8 05 41 3b 86 b0 00 00 00 73 25 44 8b
0x00007ffdbd545fc2:   c0 83 e1 1f 49 8b 86 b8 00 00 00 41 8b d5 d3 e2
0x00007ffdbd545fd2:   42 8b 04 80 23 c2 74 0b 41 83 c9 10 44 89 8b 98
0x00007ffdbd545fe2:   00 00 00 48 83 7b 18 00 48 8b c6 48 8b ce 48 0f 


Stack slot to memory mapping:
stack at sp + 0 slots: 0x000001bdef395b70 points into unknown readable memory: 0x0000000000000000 | 00 00 00 00 00 00 00 00
stack at sp + 1 slots: 0x0000002f0000000d is an unknown value
stack at sp + 2 slots: 0x0 is NULL
stack at sp + 3 slots: 0x000001bde3b274c0 points into unknown readable memory: 0x0000000005555455 | 55 54 55 05 00 00 00 00
stack at sp + 4 slots: 0x0000050a0000000a is an unknown value
stack at sp + 5 slots: 0x00007ffd00000003 is an unknown value
stack at sp + 6 slots: 0x000001bde6d29148 points into unknown readable memory: 0x00007ffdbdc349d8 | d8 49 c3 bd fd 7f 00 00
stack at sp + 7 slots: 0x0000002f9cafba40 is pointing into the stack for thread: 0x000001bdebfe2800


---------------  P R O C E S S  ---------------

Threads class SMR info:
_java_thread_list=0x000001bde97b93b0, length=82, elements={
0x000001bdc92b0000, 0x000001bde2ed2000, 0x000001bde2ed3000, 0x000001bde3872800,
0x000001bde2eea000, 0x000001bde2eeb800, 0x000001bde2ef1800, 0x000001bde2ef6800,
0x000001bde2f28000, 0x000001bde3997000, 0x000001bde495d000, 0x000001bde64ef800,
0x000001bde4c83000, 0x000001bde48e8800, 0x000001bde52c0000, 0x000001bde487d800,
0x000001bde3e7b800, 0x000001bde573d800, 0x000001bde573e800, 0x000001bde4de3000,
0x000001bde4892000, 0x000001bde4893800, 0x000001bde4892800, 0x000001bde4891000,
0x000001bde4b47000, 0x000001bde4b4d000, 0x000001bde4b4e000, 0x000001bde4b4c000,
0x000001bde4b48000, 0x000001bde4b4e800, 0x000001bde4b4a800, 0x000001bde4b49000,
0x000001bde4b4f800, 0x000001bde4b49800, 0x000001bde4b50000, 0x000001bde4b53800,
0x000001bde4b55000, 0x000001bde4b52800, 0x000001bde4b54800, 0x000001bde4b56000,
0x000001bde6d70000, 0x000001bde6d6a000, 0x000001bde6d6e800, 0x000001bde6d71000,
0x000001bde6d6b000, 0x000001bde6d71800, 0x000001bde6d6c000, 0x000001bde6d6f000,
0x000001bde6d72800, 0x000001bde6d6c800, 0x000001bde6d73000, 0x000001bde6d6d800,
0x000001bde6d76800, 0x000001bde6d79000, 0x000001bde6d78000, 0x000001bde6d75800,
0x000001bde6d77800, 0x000001bde6d74000, 0x000001bde6d75000, 0x000001bde7541800,
0x000001bde7542800, 0x000001bde7544000, 0x000001bde7543800, 0x000001bde7545000,
0x000001bde7541000, 0x000001bde7540000, 0x000001bde754a000, 0x000001bde7548000,
0x000001bde754a800, 0x000001bde7546800, 0x000001bde7547800, 0x000001bde7545800,
0x000001bde754c800, 0x000001bde754d000, 0x000001bde7549000, 0x000001bde754b800,
0x000001bde754e000, 0x000001bde7ba7800, 0x000001bde7bac800, 0x000001bde7ba9800,
0x000001bde7ba8800, 0x000001bdebfe2800
}

Java Threads: ( => current thread )
  0x000001bdc92b0000 JavaThread "main" [_thread_blocked, id=5088, stack(0x0000002f97300000,0x0000002f97400000)]
  0x000001bde2ed2000 JavaThread "Reference Handler" daemon [_thread_blocked, id=4368, stack(0x0000002f97a00000,0x0000002f97b00000)]
  0x000001bde2ed3000 JavaThread "Finalizer" daemon [_thread_blocked, id=6340, stack(0x0000002f97b00000,0x0000002f97c00000)]
  0x000001bde3872800 JavaThread "Signal Dispatcher" daemon [_thread_blocked, id=1824, stack(0x0000002f97c00000,0x0000002f97d00000)]
  0x000001bde2eea000 JavaThread "Attach Listener" daemon [_thread_blocked, id=1468, stack(0x0000002f97d00000,0x0000002f97e00000)]
  0x000001bde2eeb800 JavaThread "Service Thread" daemon [_thread_blocked, id=312, stack(0x0000002f97e00000,0x0000002f97f00000)]
  0x000001bde2ef1800 JavaThread "C2 CompilerThread0" daemon [_thread_in_native, id=6276, stack(0x0000002f97f00000,0x0000002f98000000)]
  0x000001bde2ef6800 JavaThread "C1 CompilerThread0" daemon [_thread_blocked, id=7660, stack(0x0000002f98000000,0x0000002f98100000)]
  0x000001bde2f28000 JavaThread "Sweeper thread" daemon [_thread_blocked, id=9224, stack(0x0000002f98100000,0x0000002f98200000)]
  0x000001bde3997000 JavaThread "Common-Cleaner" daemon [_thread_blocked, id=2660, stack(0x0000002f98200000,0x0000002f98300000)]
  0x000001bde495d000 JavaThread "Daemon health stats" [_thread_blocked, id=3732, stack(0x0000002f98600000,0x0000002f98700000)]
  0x000001bde64ef800 JavaThread "Incoming local TCP Connector on port 50159" [_thread_in_native, id=3492, stack(0x0000002f98400000,0x0000002f98500000)]
  0x000001bde4c83000 JavaThread "Daemon periodic checks" [_thread_blocked, id=7016, stack(0x0000002f98700000,0x0000002f98800000)]
  0x000001bde48e8800 JavaThread "Daemon" [_thread_blocked, id=8480, stack(0x0000002f98800000,0x0000002f98900000)]
  0x000001bde52c0000 JavaThread "Handler for socket connection from /127.0.0.1:50159 to /127.0.0.1:50160" [_thread_in_native, id=2328, stack(0x0000002f98900000,0x0000002f98a00000)]
  0x000001bde487d800 JavaThread "Cancel handler" [_thread_blocked, id=4084, stack(0x0000002f98a00000,0x0000002f98b00000)]
  0x000001bde3e7b800 JavaThread "Daemon worker" [_thread_in_Java, id=9912, stack(0x0000002f98b00000,0x0000002f98c00000)]
  0x000001bde573d800 JavaThread "Asynchronous log dispatcher for DefaultDaemonConnection: socket connection from /127.0.0.1:50159 to /127.0.0.1:50160" [_thread_blocked, id=6240, stack(0x0000002f98c00000,0x0000002f98d00000)]
  0x000001bde573e800 JavaThread "Stdin handler" [_thread_blocked, id=1836, stack(0x0000002f98d00000,0x0000002f98e00000)]
  0x000001bde4de3000 JavaThread "Daemon client event forwarder" [_thread_blocked, id=6988, stack(0x0000002f98e00000,0x0000002f98f00000)]
  0x000001bde4892000 JavaThread "Cache worker for journal cache (C:\Users\masaw\AndroidStudioProjects\WhatsAppSender\caches\journal-1)" [_thread_blocked, id=8128, stack(0x0000002f99100000,0x0000002f99200000)]
  0x000001bde4893800 JavaThread "File lock request listener" [_thread_in_native, id=2920, stack(0x0000002f99200000,0x0000002f99300000)]
  0x000001bde4892800 JavaThread "Cache worker for file hash cache (C:\Users\masaw\AndroidStudioProjects\WhatsAppSender\caches\7.3.3\fileHashes)" [_thread_blocked, id=7540, stack(0x0000002f99300000,0x0000002f99400000)]
  0x000001bde4891000 JavaThread "Cache worker for file hash cache (C:\Users\masaw\AndroidStudioProjects\NotesMVVM\.gradle\7.3.3\fileHashes)" [_thread_blocked, id=2504, stack(0x0000002f99500000,0x0000002f99600000)]
  0x000001bde4b47000 JavaThread "File watcher server" daemon [_thread_in_native, id=6968, stack(0x0000002f99600000,0x0000002f99700000)]
  0x000001bde4b4d000 JavaThread "File watcher consumer" daemon [_thread_blocked, id=4948, stack(0x0000002f99700000,0x0000002f99800000)]
  0x000001bde4b4e000 JavaThread "jar transforms" [_thread_blocked, id=8076, stack(0x0000002f99800000,0x0000002f99900000)]
  0x000001bde4b4c000 JavaThread "jar transforms Thread 2" [_thread_blocked, id=2184, stack(0x0000002f99900000,0x0000002f99a00000)]
  0x000001bde4b48000 JavaThread "jar transforms Thread 3" [_thread_blocked, id=8412, stack(0x0000002f99a00000,0x0000002f99b00000)]
  0x000001bde4b4e800 JavaThread "jar transforms Thread 4" [_thread_blocked, id=4020, stack(0x0000002f99b00000,0x0000002f99c00000)]
  0x000001bde4b4a800 JavaThread "Cache worker for checksums cache (C:\Users\masaw\AndroidStudioProjects\NotesMVVM\.gradle\7.3.3\checksums)" [_thread_blocked, id=4456, stack(0x0000002f99c00000,0x0000002f99d00000)]
  0x000001bde4b49000 JavaThread "Cache worker for cache directory md-supplier (C:\Users\masaw\AndroidStudioProjects\WhatsAppSender\caches\7.3.3\md-supplier)" [_thread_blocked, id=8648, stack(0x0000002f99d00000,0x0000002f99e00000)]
  0x000001bde4b4f800 JavaThread "Cache worker for cache directory md-rule (C:\Users\masaw\AndroidStudioProjects\WhatsAppSender\caches\7.3.3\md-rule)" [_thread_blocked, id=6992, stack(0x0000002f99400000,0x0000002f99500000)]
  0x000001bde4b49800 JavaThread "Cache worker for execution history cache (C:\Users\masaw\AndroidStudioProjects\WhatsAppSender\caches\7.3.3\executionHistory)" [_thread_blocked, id=2276, stack(0x0000002f99e00000,0x0000002f99f00000)]
  0x000001bde4b50000 JavaThread "Cache worker for file content cache (C:\Users\masaw\AndroidStudioProjects\WhatsAppSender\caches\7.3.3\fileContent)" [_thread_blocked, id=9112, stack(0x0000002f9a000000,0x0000002f9a100000)]
  0x000001bde4b53800 JavaThread "Cache worker for dependencies-accessors (C:\Users\masaw\AndroidStudioProjects\NotesMVVM\.gradle\7.3.3\dependencies-accessors)" [_thread_blocked, id=3416, stack(0x0000002f9a100000,0x0000002f9a200000)]
  0x000001bde4b55000 JavaThread "Cache worker for Build Output Cleanup Cache (C:\Users\masaw\AndroidStudioProjects\NotesMVVM\.gradle\buildOutputCleanup)" [_thread_blocked, id=8812, stack(0x0000002f9a200000,0x0000002f9a300000)]
  0x000001bde4b52800 JavaThread "Unconstrained build operations" [_thread_blocked, id=5472, stack(0x0000002f99f00000,0x0000002f9a000000)]
  0x000001bde4b54800 JavaThread "Unconstrained build operations Thread 2" [_thread_blocked, id=1096, stack(0x0000002f9a300000,0x0000002f9a400000)]
  0x000001bde4b56000 JavaThread "Unconstrained build operations Thread 3" [_thread_blocked, id=3888, stack(0x0000002f9a400000,0x0000002f9a500000)]
  0x000001bde6d70000 JavaThread "Unconstrained build operations Thread 4" [_thread_blocked, id=1268, stack(0x0000002f9a500000,0x0000002f9a600000)]
  0x000001bde6d6a000 JavaThread "Unconstrained build operations Thread 5" [_thread_blocked, id=9432, stack(0x0000002f9a600000,0x0000002f9a700000)]
  0x000001bde6d6e800 JavaThread "Unconstrained build operations Thread 6" [_thread_blocked, id=7020, stack(0x0000002f9a700000,0x0000002f9a800000)]
  0x000001bde6d71000 JavaThread "Unconstrained build operations Thread 7" [_thread_blocked, id=2024, stack(0x0000002f9a800000,0x0000002f9a900000)]
  0x000001bde6d6b000 JavaThread "Unconstrained build operations Thread 8" [_thread_blocked, id=6820, stack(0x0000002f9a900000,0x0000002f9aa00000)]
  0x000001bde6d71800 JavaThread "Unconstrained build operations Thread 9" [_thread_blocked, id=576, stack(0x0000002f9aa00000,0x0000002f9ab00000)]
  0x000001bde6d6c000 JavaThread "Unconstrained build operations Thread 10" [_thread_blocked, id=1676, stack(0x0000002f9ab00000,0x0000002f9ac00000)]
  0x000001bde6d6f000 JavaThread "Unconstrained build operations Thread 11" [_thread_blocked, id=2640, stack(0x0000002f9ac00000,0x0000002f9ad00000)]
  0x000001bde6d72800 JavaThread "Unconstrained build operations Thread 12" [_thread_blocked, id=7284, stack(0x0000002f9ad00000,0x0000002f9ae00000)]
  0x000001bde6d6c800 JavaThread "Unconstrained build operations Thread 13" [_thread_blocked, id=5808, stack(0x0000002f9ae00000,0x0000002f9af00000)]
  0x000001bde6d73000 JavaThread "Unconstrained build operations Thread 14" [_thread_blocked, id=3360, stack(0x0000002f9af00000,0x0000002f9b000000)]
  0x000001bde6d6d800 JavaThread "Unconstrained build operations Thread 15" [_thread_blocked, id=5872, stack(0x0000002f9b000000,0x0000002f9b100000)]
  0x000001bde6d76800 JavaThread "Unconstrained build operations Thread 16" [_thread_blocked, id=3248, stack(0x0000002f9b100000,0x0000002f9b200000)]
  0x000001bde6d79000 JavaThread "Unconstrained build operations Thread 17" [_thread_blocked, id=2552, stack(0x0000002f9b200000,0x0000002f9b300000)]
  0x000001bde6d78000 JavaThread "Unconstrained build operations Thread 18" [_thread_blocked, id=9256, stack(0x0000002f9b300000,0x0000002f9b400000)]
  0x000001bde6d75800 JavaThread "Unconstrained build operations Thread 19" [_thread_blocked, id=8048, stack(0x0000002f9b400000,0x0000002f9b500000)]
  0x000001bde6d77800 JavaThread "Unconstrained build operations Thread 20" [_thread_blocked, id=6596, stack(0x0000002f9b500000,0x0000002f9b600000)]
  0x000001bde6d74000 JavaThread "Unconstrained build operations Thread 21" [_thread_blocked, id=3776, stack(0x0000002f9b600000,0x0000002f9b700000)]
  0x000001bde6d75000 JavaThread "Unconstrained build operations Thread 22" [_thread_blocked, id=4256, stack(0x0000002f9b700000,0x0000002f9b800000)]
  0x000001bde7541800 JavaThread "Unconstrained build operations Thread 23" [_thread_blocked, id=6580, stack(0x0000002f9b800000,0x0000002f9b900000)]
  0x000001bde7542800 JavaThread "Unconstrained build operations Thread 24" [_thread_blocked, id=7920, stack(0x0000002f9b900000,0x0000002f9ba00000)]
  0x000001bde7544000 JavaThread "Unconstrained build operations Thread 25" [_thread_blocked, id=9836, stack(0x0000002f9ba00000,0x0000002f9bb00000)]
  0x000001bde7543800 JavaThread "Unconstrained build operations Thread 26" [_thread_blocked, id=8468, stack(0x0000002f9bb00000,0x0000002f9bc00000)]
  0x000001bde7545000 JavaThread "Unconstrained build operations Thread 27" [_thread_blocked, id=5540, stack(0x0000002f9bc00000,0x0000002f9bd00000)]
  0x000001bde7541000 JavaThread "Unconstrained build operations Thread 28" [_thread_blocked, id=1904, stack(0x0000002f9bd00000,0x0000002f9be00000)]
  0x000001bde7540000 JavaThread "Unconstrained build operations Thread 29" [_thread_blocked, id=5784, stack(0x0000002f9be00000,0x0000002f9bf00000)]
  0x000001bde754a000 JavaThread "Unconstrained build operations Thread 30" [_thread_blocked, id=5424, stack(0x0000002f9bf00000,0x0000002f9c000000)]
  0x000001bde7548000 JavaThread "Unconstrained build operations Thread 31" [_thread_blocked, id=2268, stack(0x0000002f9c000000,0x0000002f9c100000)]
  0x000001bde754a800 JavaThread "Unconstrained build operations Thread 32" [_thread_blocked, id=9276, stack(0x0000002f9c100000,0x0000002f9c200000)]
  0x000001bde7546800 JavaThread "Unconstrained build operations Thread 33" [_thread_blocked, id=8796, stack(0x0000002f9c200000,0x0000002f9c300000)]
  0x000001bde7547800 JavaThread "Unconstrained build operations Thread 34" [_thread_blocked, id=8240, stack(0x0000002f9c300000,0x0000002f9c400000)]
  0x000001bde7545800 JavaThread "Unconstrained build operations Thread 35" [_thread_blocked, id=5792, stack(0x0000002f9c400000,0x0000002f9c500000)]
  0x000001bde754c800 JavaThread "Unconstrained build operations Thread 36" [_thread_blocked, id=1820, stack(0x0000002f9c500000,0x0000002f9c600000)]
  0x000001bde754d000 JavaThread "Unconstrained build operations Thread 37" [_thread_blocked, id=9968, stack(0x0000002f9c600000,0x0000002f9c700000)]
  0x000001bde7549000 JavaThread "Unconstrained build operations Thread 38" [_thread_blocked, id=8644, stack(0x0000002f9c700000,0x0000002f9c800000)]
  0x000001bde754b800 JavaThread "Unconstrained build operations Thread 39" [_thread_blocked, id=3324, stack(0x0000002f9c800000,0x0000002f9c900000)]
  0x000001bde754e000 JavaThread "Unconstrained build operations Thread 40" [_thread_blocked, id=1336, stack(0x0000002f9c900000,0x0000002f9ca00000)]
  0x000001bde7ba7800 JavaThread "Memory manager" [_thread_blocked, id=7640, stack(0x0000002f9cb00000,0x0000002f9cc00000)]
  0x000001bde7bac800 JavaThread "pool-3-thread-1" [_thread_blocked, id=2668, stack(0x0000002f9cc00000,0x0000002f9cd00000)]
  0x000001bde7ba9800 JavaThread "Cache worker for execution history cache (C:\Users\masaw\AndroidStudioProjects\NotesMVVM\.gradle\7.3.3\executionHistory)" [_thread_blocked, id=5428, stack(0x0000002f9d200000,0x0000002f9d300000)]
  0x000001bde7ba8800 JavaThread "idea-tooling-model-converter" [_thread_blocked, id=4184, stack(0x0000002f9cf00000,0x0000002f9d000000)]
=>0x000001bdebfe2800 JavaThread "C2 CompilerThread1" daemon [_thread_in_native, id=8680, stack(0x0000002f9ca00000,0x0000002f9cb00000)]

Other Threads:
  0x000001bde2ed0000 VMThread "VM Thread" [stack: 0x0000002f97900000,0x0000002f97a00000] [id=6348]
  0x000001bde39f6800 WatcherThread [stack: 0x0000002f98300000,0x0000002f98400000] [id=1728]
  0x000001bdc92cb000 GCTaskThread "GC Thread#0" [stack: 0x0000002f97400000,0x0000002f97500000] [id=1968]
  0x000001bde438c000 GCTaskThread "GC Thread#1" [stack: 0x0000002f98500000,0x0000002f98600000] [id=4392]
  0x000001bde588e800 GCTaskThread "GC Thread#2" [stack: 0x0000002f98f00000,0x0000002f99000000] [id=7820]
  0x000001bde48ff800 GCTaskThread "GC Thread#3" [stack: 0x0000002f99000000,0x0000002f99100000] [id=4080]
  0x000001bdc92fa800 ConcurrentGCThread "G1 Main Marker" [stack: 0x0000002f97500000,0x0000002f97600000] [id=9260]
  0x000001bdc92fc800 ConcurrentGCThread "G1 Conc#0" [stack: 0x0000002f97600000,0x0000002f97700000] [id=1876]
  0x000001bdc9377800 ConcurrentGCThread "G1 Refine#0" [stack: 0x0000002f97700000,0x0000002f97800000] [id=1624]
  0x000001bdc9379000 ConcurrentGCThread "G1 Young RemSet Sampling" [stack: 0x0000002f97800000,0x0000002f97900000] [id=7460]

Threads with active compile tasks:
C2 CompilerThread0    49310 9350       4       org.objectweb.asm.SymbolTable::addConstantUtf8 (98 bytes)
C2 CompilerThread1    49310 9298       4       com.android.builder.testing.MockableJarGenerator::fixMethodBody (357 bytes)

VM state:not at safepoint (normal execution)

VM Mutex/Monitor currently owned by a thread: None

Heap address: 0x0000000080000000, size: 2048 MB, Compressed Oops mode: 32-bit
Narrow klass base: 0x0000000000000000, Narrow klass shift: 3
Compressed class space size: 1073741824 Address: 0x0000000100000000

Heap:
 garbage-first heap   total 248832K, used 201032K [0x0000000080000000, 0x0000000100000000)
  region size 1024K, 30 young (30720K), 1 survivors (1024K)
 Metaspace       used 93423K, capacity 95959K, committed 96256K, reserved 1132544K
  class space    used 11893K, capacity 12752K, committed 12800K, reserved 1048576K
Heap Regions: E=young(eden), S=young(survivor), O=old, HS=humongous(starts), HC=humongous(continues), CS=collection set, F=free, A=archive, TAMS=top-at-mark-start (previous, next)
|   0|0x0000000080000000, 0x0000000080100000, 0x0000000080100000|100%|HS|  |TAMS 0x0000000080100000, 0x0000000080000000| Complete 
|   1|0x0000000080100000, 0x0000000080200000, 0x0000000080200000|100%|HC|  |TAMS 0x0000000080200000, 0x0000000080100000| Complete 
|   2|0x0000000080200000, 0x0000000080300000, 0x0000000080300000|100%|HC|  |TAMS 0x0000000080300000, 0x0000000080200000| Complete 
|   3|0x0000000080300000, 0x0000000080400000, 0x0000000080400000|100%| O|  |TAMS 0x0000000080400000, 0x0000000080300000| Untracked 
|   4|0x0000000080400000, 0x0000000080500000, 0x0000000080500000|100%| O|  |TAMS 0x0000000080500000, 0x0000000080400000| Untracked 
|   5|0x0000000080500000, 0x0000000080600000, 0x0000000080600000|100%| O|  |TAMS 0x0000000080600000, 0x0000000080500000| Untracked 
|   6|0x0000000080600000, 0x0000000080700000, 0x0000000080700000|100%| O|  |TAMS 0x0000000080700000, 0x0000000080600000| Untracked 
|   7|0x0000000080700000, 0x0000000080800000, 0x0000000080800000|100%| O|  |TAMS 0x0000000080800000, 0x0000000080700000| Untracked 
|   8|0x0000000080800000, 0x0000000080900000, 0x0000000080900000|100%| O|  |TAMS 0x0000000080900000, 0x0000000080800000| Untracked 
|   9|0x0000000080900000, 0x0000000080a00000, 0x0000000080a00000|100%| O|  |TAMS 0x0000000080a00000, 0x0000000080900000| Untracked 
|  10|0x0000000080a00000, 0x0000000080b00000, 0x0000000080b00000|100%| O|  |TAMS 0x0000000080b00000, 0x0000000080a00000| Untracked 
|  11|0x0000000080b00000, 0x0000000080c00000, 0x0000000080c00000|100%| O|  |TAMS 0x0000000080c00000, 0x0000000080b00000| Untracked 
|  12|0x0000000080c00000, 0x0000000080d00000, 0x0000000080d00000|100%| O|  |TAMS 0x0000000080d00000, 0x0000000080c00000| Untracked 
|  13|0x0000000080d00000, 0x0000000080e00000, 0x0000000080e00000|100%| O|  |TAMS 0x0000000080e00000, 0x0000000080d00000| Untracked 
|  14|0x0000000080e00000, 0x0000000080f00000, 0x0000000080f00000|100%| O|  |TAMS 0x0000000080f00000, 0x0000000080e00000| Untracked 
|  15|0x0000000080f00000, 0x0000000081000000, 0x0000000081000000|100%| O|  |TAMS 0x0000000081000000, 0x0000000080f00000| Untracked 
|  16|0x0000000081000000, 0x0000000081100000, 0x0000000081100000|100%|HS|  |TAMS 0x0000000081100000, 0x0000000081000000| Complete 
|  17|0x0000000081100000, 0x0000000081200000, 0x0000000081200000|100%|HC|  |TAMS 0x0000000081200000, 0x0000000081100000| Complete 
|  18|0x0000000081200000, 0x0000000081300000, 0x0000000081300000|100%|HS|  |TAMS 0x0000000081300000, 0x0000000081200000| Complete 
|  19|0x0000000081300000, 0x0000000081400000, 0x0000000081400000|100%|HC|  |TAMS 0x0000000081400000, 0x0000000081300000| Complete 
|  20|0x0000000081400000, 0x0000000081500000, 0x0000000081500000|100%|HC|  |TAMS 0x0000000081500000, 0x0000000081400000| Complete 
|  21|0x0000000081500000, 0x0000000081600000, 0x0000000081600000|100%|HS|  |TAMS 0x0000000081600000, 0x0000000081500000| Complete 
|  22|0x0000000081600000, 0x0000000081700000, 0x0000000081700000|100%|HC|  |TAMS 0x0000000081700000, 0x0000000081600000| Complete 
|  23|0x0000000081700000, 0x0000000081800000, 0x0000000081800000|100%|HC|  |TAMS 0x0000000081800000, 0x0000000081700000| Complete 
|  24|0x0000000081800000, 0x0000000081900000, 0x0000000081900000|100%|HS|  |TAMS 0x0000000081900000, 0x0000000081800000| Complete 
|  25|0x0000000081900000, 0x0000000081a00000, 0x0000000081a00000|100%|HC|  |TAMS 0x0000000081a00000, 0x0000000081900000| Complete 
|  26|0x0000000081a00000, 0x0000000081b00000, 0x0000000081b00000|100%|HS|  |TAMS 0x0000000081b00000, 0x0000000081a00000| Complete 
|  27|0x0000000081b00000, 0x0000000081c00000, 0x0000000081c00000|100%|HC|  |TAMS 0x0000000081c00000, 0x0000000081b00000| Complete 
|  28|0x0000000081c00000, 0x0000000081d00000, 0x0000000081d00000|100%|HC|  |TAMS 0x0000000081d00000, 0x0000000081c00000| Complete 
|  29|0x0000000081d00000, 0x0000000081e00000, 0x0000000081e00000|100%|HC|  |TAMS 0x0000000081e00000, 0x0000000081d00000| Complete 
|  30|0x0000000081e00000, 0x0000000081f00000, 0x0000000081f00000|100%|HC|  |TAMS 0x0000000081f00000, 0x0000000081e00000| Complete 
|  31|0x0000000081f00000, 0x0000000082000000, 0x0000000082000000|100%|HC|  |TAMS 0x0000000082000000, 0x0000000081f00000| Complete 
|  32|0x0000000082000000, 0x0000000082100000, 0x0000000082100000|100%|HC|  |TAMS 0x0000000082100000, 0x0000000082000000| Complete 
|  33|0x0000000082100000, 0x0000000082200000, 0x0000000082200000|100%|HC|  |TAMS 0x0000000082200000, 0x0000000082100000| Complete 
|  34|0x0000000082200000, 0x0000000082300000, 0x0000000082300000|100%|HC|  |TAMS 0x0000000082300000, 0x0000000082200000| Complete 
|  35|0x0000000082300000, 0x0000000082400000, 0x0000000082400000|100%|HC|  |TAMS 0x0000000082400000, 0x0000000082300000| Complete 
|  36|0x0000000082400000, 0x0000000082500000, 0x0000000082500000|100%|HS|  |TAMS 0x0000000082500000, 0x0000000082400000| Complete 
|  37|0x0000000082500000, 0x0000000082600000, 0x0000000082600000|100%|HC|  |TAMS 0x0000000082600000, 0x0000000082500000| Complete 
|  38|0x0000000082600000, 0x0000000082700000, 0x0000000082700000|100%|HS|  |TAMS 0x0000000082700000, 0x0000000082600000| Complete 
|  39|0x0000000082700000, 0x0000000082800000, 0x0000000082800000|100%|HC|  |TAMS 0x0000000082800000, 0x0000000082700000| Complete 
|  40|0x0000000082800000, 0x0000000082900000, 0x0000000082900000|100%|HC|  |TAMS 0x0000000082900000, 0x0000000082800000| Complete 
|  41|0x0000000082900000, 0x0000000082a00000, 0x0000000082a00000|100%|HC|  |TAMS 0x0000000082a00000, 0x0000000082900000| Complete 
|  42|0x0000000082a00000, 0x0000000082b00000, 0x0000000082b00000|100%|HC|  |TAMS 0x0000000082b00000, 0x0000000082a00000| Complete 
|  43|0x0000000082b00000, 0x0000000082c00000, 0x0000000082c00000|100%| O|  |TAMS 0x0000000082c00000, 0x0000000082b00000| Untracked 
|  44|0x0000000082c00000, 0x0000000082d00000, 0x0000000082d00000|100%| O|  |TAMS 0x0000000082d00000, 0x0000000082c00000| Untracked 
|  45|0x0000000082d00000, 0x0000000082e00000, 0x0000000082e00000|100%| O|  |TAMS 0x0000000082e00000, 0x0000000082d00000| Untracked 
|  46|0x0000000082e00000, 0x0000000082f00000, 0x0000000082f00000|100%| O|  |TAMS 0x0000000082f00000, 0x0000000082e00000| Untracked 
|  47|0x0000000082f00000, 0x0000000083000000, 0x0000000083000000|100%| O|  |TAMS 0x0000000083000000, 0x0000000082f00000| Untracked 
|  48|0x0000000083000000, 0x0000000083100000, 0x0000000083100000|100%| O|  |TAMS 0x0000000083100000, 0x0000000083000000| Untracked 
|  49|0x0000000083100000, 0x0000000083200000, 0x0000000083200000|100%| O|  |TAMS 0x0000000083200000, 0x0000000083100000| Untracked 
|  50|0x0000000083200000, 0x0000000083300000, 0x0000000083300000|100%| O|  |TAMS 0x0000000083300000, 0x0000000083200000| Untracked 
|  51|0x0000000083300000, 0x0000000083400000, 0x0000000083400000|100%| O|  |TAMS 0x0000000083400000, 0x0000000083300000| Untracked 
|  52|0x0000000083400000, 0x0000000083500000, 0x0000000083500000|100%| O|  |TAMS 0x0000000083500000, 0x0000000083400000| Untracked 
|  53|0x0000000083500000, 0x0000000083600000, 0x0000000083600000|100%| O|  |TAMS 0x0000000083600000, 0x0000000083500000| Untracked 
|  54|0x0000000083600000, 0x0000000083700000, 0x0000000083700000|100%| O|  |TAMS 0x0000000083700000, 0x0000000083600000| Untracked 
|  55|0x0000000083700000, 0x0000000083800000, 0x0000000083800000|100%| O|  |TAMS 0x0000000083800000, 0x0000000083700000| Untracked 
|  56|0x0000000083800000, 0x0000000083900000, 0x0000000083900000|100%|HS|  |TAMS 0x0000000083900000, 0x0000000083800000| Complete 
|  57|0x0000000083900000, 0x0000000083a00000, 0x0000000083a00000|100%|HC|  |TAMS 0x0000000083a00000, 0x0000000083900000| Complete 
|  58|0x0000000083a00000, 0x0000000083b00000, 0x0000000083b00000|100%|HC|  |TAMS 0x0000000083b00000, 0x0000000083a00000| Complete 
|  59|0x0000000083b00000, 0x0000000083c00000, 0x0000000083c00000|100%|HC|  |TAMS 0x0000000083c00000, 0x0000000083b00000| Complete 
|  60|0x0000000083c00000, 0x0000000083d00000, 0x0000000083d00000|100%|HC|  |TAMS 0x0000000083d00000, 0x0000000083c00000| Complete 
|  61|0x0000000083d00000, 0x0000000083e00000, 0x0000000083e00000|100%|HC|  |TAMS 0x0000000083e00000, 0x0000000083d00000| Complete 
|  62|0x0000000083e00000, 0x0000000083f00000, 0x0000000083f00000|100%|HC|  |TAMS 0x0000000083f00000, 0x0000000083e00000| Complete 
|  63|0x0000000083f00000, 0x0000000084000000, 0x0000000084000000|100%|HC|  |TAMS 0x0000000084000000, 0x0000000083f00000| Complete 
|  64|0x0000000084000000, 0x0000000084100000, 0x0000000084100000|100%|HC|  |TAMS 0x0000000084100000, 0x0000000084000000| Complete 
|  65|0x0000000084100000, 0x0000000084200000, 0x0000000084200000|100%|HC|  |TAMS 0x0000000084200000, 0x0000000084100000| Complete 
|  66|0x0000000084200000, 0x0000000084300000, 0x0000000084300000|100%|HS|  |TAMS 0x0000000084300000, 0x0000000084200000| Complete 
|  67|0x0000000084300000, 0x0000000084400000, 0x0000000084400000|100%|HC|  |TAMS 0x0000000084400000, 0x0000000084300000| Complete 
|  68|0x0000000084400000, 0x0000000084500000, 0x0000000084500000|100%| O|  |TAMS 0x0000000084500000, 0x0000000084400000| Untracked 
|  69|0x0000000084500000, 0x0000000084600000, 0x0000000084600000|100%| O|  |TAMS 0x0000000084600000, 0x0000000084500000| Untracked 
|  70|0x0000000084600000, 0x0000000084700000, 0x0000000084700000|100%| O|  |TAMS 0x0000000084700000, 0x0000000084600000| Untracked 
|  71|0x0000000084700000, 0x0000000084800000, 0x0000000084800000|100%|HS|  |TAMS 0x0000000084800000, 0x0000000084700000| Complete 
|  72|0x0000000084800000, 0x0000000084900000, 0x0000000084900000|100%|HC|  |TAMS 0x0000000084900000, 0x0000000084800000| Complete 
|  73|0x0000000084900000, 0x0000000084a00000, 0x0000000084a00000|100%|HC|  |TAMS 0x0000000084a00000, 0x0000000084900000| Complete 
|  74|0x0000000084a00000, 0x0000000084b00000, 0x0000000084b00000|100%|HS|  |TAMS 0x0000000084b00000, 0x0000000084a00000| Complete 
|  75|0x0000000084b00000, 0x0000000084c00000, 0x0000000084c00000|100%|HC|  |TAMS 0x0000000084c00000, 0x0000000084b00000| Complete 
|  76|0x0000000084c00000, 0x0000000084d00000, 0x0000000084d00000|100%|HS|  |TAMS 0x0000000084d00000, 0x0000000084c00000| Complete 
|  77|0x0000000084d00000, 0x0000000084e00000, 0x0000000084e00000|100%|HC|  |TAMS 0x0000000084e00000, 0x0000000084d00000| Complete 
|  78|0x0000000084e00000, 0x0000000084f00000, 0x0000000084f00000|100%|HC|  |TAMS 0x0000000084f00000, 0x0000000084e00000| Complete 
|  79|0x0000000084f00000, 0x0000000085000000, 0x0000000085000000|100%| O|  |TAMS 0x0000000085000000, 0x0000000084f00000| Untracked 
|  80|0x0000000085000000, 0x0000000085100000, 0x0000000085100000|100%| O|  |TAMS 0x0000000085100000, 0x0000000085000000| Untracked 
|  81|0x0000000085100000, 0x0000000085200000, 0x0000000085200000|100%| O|  |TAMS 0x0000000085200000, 0x0000000085100000| Untracked 
|  82|0x0000000085200000, 0x0000000085300000, 0x0000000085300000|100%| O|  |TAMS 0x0000000085300000, 0x0000000085200000| Untracked 
|  83|0x0000000085300000, 0x0000000085400000, 0x0000000085400000|100%|HS|  |TAMS 0x0000000085400000, 0x0000000085300000| Complete 
|  84|0x0000000085400000, 0x0000000085500000, 0x0000000085500000|100%|HC|  |TAMS 0x0000000085500000, 0x0000000085400000| Complete 
|  85|0x0000000085500000, 0x0000000085600000, 0x0000000085600000|100%|HC|  |TAMS 0x0000000085600000, 0x0000000085500000| Complete 
|  86|0x0000000085600000, 0x0000000085700000, 0x0000000085700000|100%|HC|  |TAMS 0x0000000085700000, 0x0000000085600000| Complete 
|  87|0x0000000085700000, 0x0000000085800000, 0x0000000085800000|100%|HC|  |TAMS 0x0000000085800000, 0x0000000085700000| Complete 
|  88|0x0000000085800000, 0x0000000085900000, 0x0000000085900000|100%| O|  |TAMS 0x0000000085900000, 0x0000000085800000| Untracked 
|  89|0x0000000085900000, 0x0000000085a00000, 0x0000000085a00000|100%| O|  |TAMS 0x0000000085a00000, 0x0000000085900000| Untracked 
|  90|0x0000000085a00000, 0x0000000085b00000, 0x0000000085b00000|100%| O|  |TAMS 0x0000000085b00000, 0x0000000085a00000| Untracked 
|  91|0x0000000085b00000, 0x0000000085c00000, 0x0000000085c00000|100%| O|  |TAMS 0x0000000085c00000, 0x0000000085b00000| Untracked 
|  92|0x0000000085c00000, 0x0000000085d00000, 0x0000000085d00000|100%| O|  |TAMS 0x0000000085d00000, 0x0000000085c00000| Untracked 
|  93|0x0000000085d00000, 0x0000000085e00000, 0x0000000085e00000|100%|HS|  |TAMS 0x0000000085e00000, 0x0000000085d00000| Complete 
|  94|0x0000000085e00000, 0x0000000085f00000, 0x0000000085f00000|100%|HS|  |TAMS 0x0000000085f00000, 0x0000000085e00000| Complete 
|  95|0x0000000085f00000, 0x0000000086000000, 0x0000000086000000|100%| O|  |TAMS 0x0000000086000000, 0x0000000085f00000| Untracked 
|  96|0x0000000086000000, 0x0000000086100000, 0x0000000086100000|100%| O|  |TAMS 0x0000000086100000, 0x0000000086000000| Untracked 
|  97|0x0000000086100000, 0x0000000086200000, 0x0000000086200000|100%|HS|  |TAMS 0x0000000086200000, 0x0000000086100000| Complete 
|  98|0x0000000086200000, 0x0000000086300000, 0x0000000086300000|100%|HC|  |TAMS 0x0000000086300000, 0x0000000086200000| Complete 
|  99|0x0000000086300000, 0x0000000086400000, 0x0000000086400000|100%| O|  |TAMS 0x0000000086400000, 0x0000000086300000| Untracked 
| 100|0x0000000086400000, 0x0000000086500000, 0x0000000086500000|100%| O|  |TAMS 0x0000000086500000, 0x0000000086400000| Untracked 
| 101|0x0000000086500000, 0x0000000086600000, 0x0000000086600000|100%| O|  |TAMS 0x0000000086600000, 0x0000000086500000| Untracked 
| 102|0x0000000086600000, 0x0000000086700000, 0x0000000086700000|100%| O|  |TAMS 0x0000000086700000, 0x0000000086600000| Untracked 
| 103|0x0000000086700000, 0x0000000086800000, 0x0000000086800000|100%| O|  |TAMS 0x0000000086800000, 0x0000000086700000| Untracked 
| 104|0x0000000086800000, 0x0000000086900000, 0x0000000086900000|100%| O|  |TAMS 0x0000000086900000, 0x0000000086800000| Untracked 
| 105|0x0000000086900000, 0x0000000086a00000, 0x0000000086a00000|100%| O|  |TAMS 0x0000000086a00000, 0x0000000086900000| Untracked 
| 106|0x0000000086a00000, 0x0000000086b00000, 0x0000000086b00000|100%| O|  |TAMS 0x0000000086b00000, 0x0000000086a00000| Untracked 
| 107|0x0000000086b00000, 0x0000000086c00000, 0x0000000086c00000|100%| O|  |TAMS 0x0000000086c00000, 0x0000000086b00000| Untracked 
| 108|0x0000000086c00000, 0x0000000086d00000, 0x0000000086d00000|100%| O|  |TAMS 0x0000000086d00000, 0x0000000086c00000| Untracked 
| 109|0x0000000086d00000, 0x0000000086e00000, 0x0000000086e00000|100%| O|  |TAMS 0x0000000086e00000, 0x0000000086d00000| Untracked 
| 110|0x0000000086e00000, 0x0000000086f00000, 0x0000000086f00000|100%| O|  |TAMS 0x0000000086f00000, 0x0000000086e00000| Untracked 
| 111|0x0000000086f00000, 0x0000000087000000, 0x0000000087000000|100%| O|  |TAMS 0x0000000087000000, 0x0000000086f00000| Untracked 
| 112|0x0000000087000000, 0x0000000087100000, 0x0000000087100000|100%| O|  |TAMS 0x0000000087100000, 0x0000000087000000| Untracked 
| 113|0x0000000087100000, 0x0000000087200000, 0x0000000087200000|100%| O|  |TAMS 0x0000000087200000, 0x0000000087100000| Untracked 
| 114|0x0000000087200000, 0x0000000087300000, 0x0000000087300000|100%| O|  |TAMS 0x0000000087300000, 0x0000000087200000| Untracked 
| 115|0x0000000087300000, 0x0000000087400000, 0x0000000087400000|100%| O|  |TAMS 0x0000000087400000, 0x0000000087300000| Untracked 
| 116|0x0000000087400000, 0x0000000087500000, 0x0000000087500000|100%| O|  |TAMS 0x0000000087500000, 0x0000000087400000| Untracked 
| 117|0x0000000087500000, 0x0000000087600000, 0x0000000087600000|100%| O|  |TAMS 0x0000000087600000, 0x0000000087500000| Untracked 
| 118|0x0000000087600000, 0x0000000087700000, 0x0000000087700000|100%| O|  |TAMS 0x0000000087700000, 0x0000000087600000| Untracked 
| 119|0x0000000087700000, 0x0000000087800000, 0x0000000087800000|100%| O|  |TAMS 0x0000000087800000, 0x0000000087700000| Untracked 
| 120|0x0000000087800000, 0x0000000087900000, 0x0000000087900000|100%| O|  |TAMS 0x0000000087900000, 0x0000000087800000| Untracked 
| 121|0x0000000087900000, 0x0000000087a00000, 0x0000000087a00000|100%| O|  |TAMS 0x0000000087a00000, 0x0000000087900000| Untracked 
| 122|0x0000000087a00000, 0x0000000087b00000, 0x0000000087b00000|100%|HS|  |TAMS 0x0000000087b00000, 0x0000000087a00000| Complete 
| 123|0x0000000087b00000, 0x0000000087c00000, 0x0000000087c00000|100%|HC|  |TAMS 0x0000000087c00000, 0x0000000087b00000| Complete 
| 124|0x0000000087c00000, 0x0000000087d00000, 0x0000000087d00000|100%|HS|  |TAMS 0x0000000087d00000, 0x0000000087c00000| Complete 
| 125|0x0000000087d00000, 0x0000000087e00000, 0x0000000087e00000|100%|HC|  |TAMS 0x0000000087e00000, 0x0000000087d00000| Complete 
| 126|0x0000000087e00000, 0x0000000087f00000, 0x0000000087f00000|100%|HC|  |TAMS 0x0000000087f00000, 0x0000000087e00000| Complete 
| 127|0x0000000087f00000, 0x0000000088000000, 0x0000000088000000|100%|HS|  |TAMS 0x0000000088000000, 0x0000000087f00000| Complete 
| 128|0x0000000088000000, 0x0000000088100000, 0x0000000088100000|100%|HC|  |TAMS 0x0000000088100000, 0x0000000088000000| Complete 
| 129|0x0000000088100000, 0x0000000088200000, 0x0000000088200000|100%|HC|  |TAMS 0x0000000088200000, 0x0000000088100000| Complete 
| 130|0x0000000088200000, 0x0000000088300000, 0x0000000088300000|100%|HS|  |TAMS 0x0000000088300000, 0x0000000088200000| Complete 
| 131|0x0000000088300000, 0x0000000088400000, 0x0000000088400000|100%|HC|  |TAMS 0x0000000088400000, 0x0000000088300000| Complete 
| 132|0x0000000088400000, 0x0000000088500000, 0x0000000088500000|100%|HS|  |TAMS 0x0000000088500000, 0x0000000088400000| Complete 
| 133|0x0000000088500000, 0x0000000088600000, 0x0000000088600000|100%|HC|  |TAMS 0x0000000088600000, 0x0000000088500000| Complete 
| 134|0x0000000088600000, 0x0000000088700000, 0x0000000088700000|100%|HC|  |TAMS 0x0000000088700000, 0x0000000088600000| Complete 
| 135|0x0000000088700000, 0x0000000088800000, 0x0000000088800000|100%|HC|  |TAMS 0x0000000088800000, 0x0000000088700000| Complete 
| 136|0x0000000088800000, 0x0000000088900000, 0x0000000088900000|100%|HC|  |TAMS 0x0000000088900000, 0x0000000088800000| Complete 
| 137|0x0000000088900000, 0x0000000088a00000, 0x0000000088a00000|100%|HC|  |TAMS 0x0000000088a00000, 0x0000000088900000| Complete 
| 138|0x0000000088a00000, 0x0000000088b00000, 0x0000000088b00000|100%|HC|  |TAMS 0x0000000088b00000, 0x0000000088a00000| Complete 
| 139|0x0000000088b00000, 0x0000000088c00000, 0x0000000088c00000|100%|HC|  |TAMS 0x0000000088c00000, 0x0000000088b00000| Complete 
| 140|0x0000000088c00000, 0x0000000088d00000, 0x0000000088d00000|100%|HC|  |TAMS 0x0000000088d00000, 0x0000000088c00000| Complete 
| 141|0x0000000088d00000, 0x0000000088e00000, 0x0000000088e00000|100%|HC|  |TAMS 0x0000000088e00000, 0x0000000088d00000| Complete 
| 142|0x0000000088e00000, 0x0000000088f00000, 0x0000000088f00000|100%|HS|  |TAMS 0x0000000088f00000, 0x0000000088e00000| Complete 
| 143|0x0000000088f00000, 0x0000000089000000, 0x0000000089000000|100%|HC|  |TAMS 0x0000000089000000, 0x0000000088f00000| Complete 
| 144|0x0000000089000000, 0x0000000089100000, 0x0000000089100000|100%|HS|  |TAMS 0x0000000089100000, 0x0000000089000000| Complete 
| 145|0x0000000089100000, 0x0000000089200000, 0x0000000089200000|100%|HC|  |TAMS 0x0000000089200000, 0x0000000089100000| Complete 
| 146|0x0000000089200000, 0x0000000089300000, 0x0000000089300000|100%|HC|  |TAMS 0x0000000089300000, 0x0000000089200000| Complete 
| 147|0x0000000089300000, 0x0000000089400000, 0x0000000089400000|100%|HC|  |TAMS 0x0000000089400000, 0x0000000089300000| Complete 
| 148|0x0000000089400000, 0x0000000089500000, 0x0000000089500000|100%|HC|  |TAMS 0x0000000089500000, 0x0000000089400000| Complete 
| 149|0x0000000089500000, 0x0000000089600000, 0x0000000089600000|100%| O|  |TAMS 0x0000000089600000, 0x0000000089500000| Untracked 
| 150|0x0000000089600000, 0x0000000089700000, 0x0000000089700000|100%| O|  |TAMS 0x0000000089700000, 0x0000000089600000| Untracked 
| 151|0x0000000089700000, 0x0000000089800000, 0x0000000089800000|100%| O|  |TAMS 0x0000000089800000, 0x0000000089700000| Untracked 
| 152|0x0000000089800000, 0x0000000089900000, 0x0000000089900000|100%| O|  |TAMS 0x0000000089900000, 0x0000000089800000| Untracked 
| 153|0x0000000089900000, 0x0000000089a00000, 0x0000000089a00000|100%| O|  |TAMS 0x0000000089a00000, 0x0000000089900000| Untracked 
| 154|0x0000000089a00000, 0x0000000089b00000, 0x0000000089b00000|100%| O|  |TAMS 0x0000000089b00000, 0x0000000089a00000| Untracked 
| 155|0x0000000089b00000, 0x0000000089c00000, 0x0000000089c00000|100%| O|  |TAMS 0x0000000089c00000, 0x0000000089b00000| Untracked 
| 156|0x0000000089c00000, 0x0000000089d00000, 0x0000000089d00000|100%| O|  |TAMS 0x0000000089d00000, 0x0000000089c00000| Untracked 
| 157|0x0000000089d00000, 0x0000000089e00000, 0x0000000089e00000|100%| O|  |TAMS 0x0000000089e00000, 0x0000000089d00000| Untracked 
| 158|0x0000000089e00000, 0x0000000089f00000, 0x0000000089f00000|100%| O|  |TAMS 0x0000000089f00000, 0x0000000089e00000| Untracked 
| 159|0x0000000089f00000, 0x000000008a000000, 0x000000008a000000|100%|HS|  |TAMS 0x000000008a000000, 0x0000000089f00000| Complete 
| 160|0x000000008a000000, 0x000000008a100000, 0x000000008a100000|100%|HC|  |TAMS 0x000000008a100000, 0x000000008a000000| Complete 
| 161|0x000000008a100000, 0x000000008a200000, 0x000000008a200000|100%| O|  |TAMS 0x000000008a200000, 0x000000008a100000| Untracked 
| 162|0x000000008a200000, 0x000000008a300000, 0x000000008a300000|100%| O|  |TAMS 0x000000008a300000, 0x000000008a200000| Untracked 
| 163|0x000000008a300000, 0x000000008a400000, 0x000000008a400000|100%| O|  |TAMS 0x000000008a400000, 0x000000008a300000| Untracked 
| 164|0x000000008a400000, 0x000000008a500000, 0x000000008a500000|100%| O|  |TAMS 0x000000008a500000, 0x000000008a400000| Untracked 
| 165|0x000000008a500000, 0x000000008a600000, 0x000000008a600000|100%| O|  |TAMS 0x000000008a600000, 0x000000008a500000| Untracked 
| 166|0x000000008a600000, 0x000000008a700000, 0x000000008a700000|100%| O|  |TAMS 0x000000008a700000, 0x000000008a600000| Untracked 
| 167|0x000000008a700000, 0x000000008a7ba000, 0x000000008a800000| 72%| O|  |TAMS 0x000000008a7ba000, 0x000000008a700000| Untracked 
| 168|0x000000008a800000, 0x000000008a800000, 0x000000008a900000|  0%| F|  |TAMS 0x000000008a800000, 0x000000008a800000| Untracked 
| 169|0x000000008a900000, 0x000000008a900000, 0x000000008aa00000|  0%| F|  |TAMS 0x000000008a900000, 0x000000008a900000| Untracked 
| 170|0x000000008aa00000, 0x000000008aa00000, 0x000000008ab00000|  0%| F|  |TAMS 0x000000008aa00000, 0x000000008aa00000| Untracked 
| 171|0x000000008ab00000, 0x000000008ab00000, 0x000000008ac00000|  0%| F|  |TAMS 0x000000008ab00000, 0x000000008ab00000| Untracked 
| 172|0x000000008ac00000, 0x000000008ac00000, 0x000000008ad00000|  0%| F|  |TAMS 0x000000008ac00000, 0x000000008ac00000| Untracked 
| 173|0x000000008ad00000, 0x000000008ad00000, 0x000000008ae00000|  0%| F|  |TAMS 0x000000008ad00000, 0x000000008ad00000| Untracked 
| 174|0x000000008ae00000, 0x000000008ae00000, 0x000000008af00000|  0%| F|  |TAMS 0x000000008ae00000, 0x000000008ae00000| Untracked 
| 175|0x000000008af00000, 0x000000008af00000, 0x000000008b000000|  0%| F|  |TAMS 0x000000008af00000, 0x000000008af00000| Untracked 
| 176|0x000000008b000000, 0x000000008b000000, 0x000000008b100000|  0%| F|  |TAMS 0x000000008b000000, 0x000000008b000000| Untracked 
| 177|0x000000008b100000, 0x000000008b100000, 0x000000008b200000|  0%| F|  |TAMS 0x000000008b100000, 0x000000008b100000| Untracked 
| 178|0x000000008b200000, 0x000000008b200000, 0x000000008b300000|  0%| F|  |TAMS 0x000000008b200000, 0x000000008b200000| Untracked 
| 179|0x000000008b300000, 0x000000008b300000, 0x000000008b400000|  0%| F|  |TAMS 0x000000008b300000, 0x000000008b300000| Untracked 
| 180|0x000000008b400000, 0x000000008b400000, 0x000000008b500000|  0%| F|  |TAMS 0x000000008b400000, 0x000000008b400000| Untracked 
| 181|0x000000008b500000, 0x000000008b500000, 0x000000008b600000|  0%| F|  |TAMS 0x000000008b500000, 0x000000008b500000| Untracked 
| 182|0x000000008b600000, 0x000000008b600000, 0x000000008b700000|  0%| F|  |TAMS 0x000000008b600000, 0x000000008b600000| Untracked 
| 183|0x000000008b700000, 0x000000008b700000, 0x000000008b800000|  0%| F|  |TAMS 0x000000008b700000, 0x000000008b700000| Untracked 
| 184|0x000000008b800000, 0x000000008b800000, 0x000000008b900000|  0%| F|  |TAMS 0x000000008b800000, 0x000000008b800000| Untracked 
| 185|0x000000008b900000, 0x000000008b900000, 0x000000008ba00000|  0%| F|  |TAMS 0x000000008b900000, 0x000000008b900000| Untracked 
| 186|0x000000008ba00000, 0x000000008ba00000, 0x000000008bb00000|  0%| F|  |TAMS 0x000000008ba00000, 0x000000008ba00000| Untracked 
| 187|0x000000008bb00000, 0x000000008bb00000, 0x000000008bc00000|  0%| F|  |TAMS 0x000000008bb00000, 0x000000008bb00000| Untracked 
| 188|0x000000008bc00000, 0x000000008bc00000, 0x000000008bd00000|  0%| F|  |TAMS 0x000000008bc00000, 0x000000008bc00000| Untracked 
| 189|0x000000008bd00000, 0x000000008bd00000, 0x000000008be00000|  0%| F|  |TAMS 0x000000008bd00000, 0x000000008bd00000| Untracked 
| 190|0x000000008be00000, 0x000000008be00000, 0x000000008bf00000|  0%| F|  |TAMS 0x000000008be00000, 0x000000008be00000| Untracked 
| 191|0x000000008bf00000, 0x000000008bf00000, 0x000000008c000000|  0%| F|  |TAMS 0x000000008bf00000, 0x000000008bf00000| Untracked 
| 192|0x000000008c000000, 0x000000008c000000, 0x000000008c100000|  0%| F|  |TAMS 0x000000008c000000, 0x000000008c000000| Untracked 
| 193|0x000000008c100000, 0x000000008c100000, 0x000000008c200000|  0%| F|  |TAMS 0x000000008c100000, 0x000000008c100000| Untracked 
| 194|0x000000008c200000, 0x000000008c200000, 0x000000008c300000|  0%| F|  |TAMS 0x000000008c200000, 0x000000008c200000| Untracked 
| 195|0x000000008c300000, 0x000000008c300000, 0x000000008c400000|  0%| F|  |TAMS 0x000000008c300000, 0x000000008c300000| Untracked 
| 196|0x000000008c400000, 0x000000008c400000, 0x000000008c500000|  0%| F|  |TAMS 0x000000008c400000, 0x000000008c400000| Untracked 
| 197|0x000000008c500000, 0x000000008c500000, 0x000000008c600000|  0%| F|  |TAMS 0x000000008c500000, 0x000000008c500000| Untracked 
| 198|0x000000008c600000, 0x000000008c600000, 0x000000008c700000|  0%| F|  |TAMS 0x000000008c600000, 0x000000008c600000| Untracked 
| 199|0x000000008c700000, 0x000000008c700000, 0x000000008c800000|  0%| F|  |TAMS 0x000000008c700000, 0x000000008c700000| Untracked 
| 200|0x000000008c800000, 0x000000008c800000, 0x000000008c900000|  0%| F|  |TAMS 0x000000008c800000, 0x000000008c800000| Untracked 
| 201|0x000000008c900000, 0x000000008c900000, 0x000000008ca00000|  0%| F|  |TAMS 0x000000008c900000, 0x000000008c900000| Untracked 
| 202|0x000000008ca00000, 0x000000008ca98340, 0x000000008cb00000| 59%| S|CS|TAMS 0x000000008ca00000, 0x000000008ca00000| Complete 
| 203|0x000000008cb00000, 0x000000008cb00000, 0x000000008cc00000|  0%| F|  |TAMS 0x000000008cb00000, 0x000000008cb00000| Untracked 
| 204|0x000000008cc00000, 0x000000008cc00000, 0x000000008cd00000|  0%| F|  |TAMS 0x000000008cc00000, 0x000000008cc00000| Untracked 
| 205|0x000000008cd00000, 0x000000008cd00000, 0x000000008ce00000|  0%| F|  |TAMS 0x000000008cd00000, 0x000000008cd00000| Untracked 
| 206|0x000000008ce00000, 0x000000008ce00000, 0x000000008cf00000|  0%| F|  |TAMS 0x000000008ce00000, 0x000000008ce00000| Untracked 
| 207|0x000000008cf00000, 0x000000008cf00000, 0x000000008d000000|  0%| F|  |TAMS 0x000000008cf00000, 0x000000008cf00000| Untracked 
| 208|0x000000008d000000, 0x000000008d000000, 0x000000008d100000|  0%| F|  |TAMS 0x000000008d000000, 0x000000008d000000| Untracked 
| 209|0x000000008d100000, 0x000000008d100000, 0x000000008d200000|  0%| F|  |TAMS 0x000000008d100000, 0x000000008d100000| Untracked 
| 210|0x000000008d200000, 0x000000008d200000, 0x000000008d300000|  0%| F|  |TAMS 0x000000008d200000, 0x000000008d200000| Untracked 
| 211|0x000000008d300000, 0x000000008d300000, 0x000000008d400000|  0%| F|  |TAMS 0x000000008d300000, 0x000000008d300000| Untracked 
| 212|0x000000008d400000, 0x000000008d500000, 0x000000008d500000|100%| E|  |TAMS 0x000000008d400000, 0x000000008d400000| Complete 
| 213|0x000000008d500000, 0x000000008d600000, 0x000000008d600000|100%| E|CS|TAMS 0x000000008d500000, 0x000000008d500000| Complete 
| 214|0x000000008d600000, 0x000000008d700000, 0x000000008d700000|100%| E|CS|TAMS 0x000000008d600000, 0x000000008d600000| Complete 
| 215|0x000000008d700000, 0x000000008d800000, 0x000000008d800000|100%| E|CS|TAMS 0x000000008d700000, 0x000000008d700000| Complete 
| 216|0x000000008d800000, 0x000000008d900000, 0x000000008d900000|100%| E|CS|TAMS 0x000000008d800000, 0x000000008d800000| Complete 
| 217|0x000000008d900000, 0x000000008da00000, 0x000000008da00000|100%| E|CS|TAMS 0x000000008d900000, 0x000000008d900000| Complete 
| 218|0x000000008da00000, 0x000000008db00000, 0x000000008db00000|100%| E|CS|TAMS 0x000000008da00000, 0x000000008da00000| Complete 
| 219|0x000000008db00000, 0x000000008dc00000, 0x000000008dc00000|100%| E|CS|TAMS 0x000000008db00000, 0x000000008db00000| Complete 
| 220|0x000000008dc00000, 0x000000008dd00000, 0x000000008dd00000|100%| E|CS|TAMS 0x000000008dc00000, 0x000000008dc00000| Complete 
| 221|0x000000008dd00000, 0x000000008de00000, 0x000000008de00000|100%| E|CS|TAMS 0x000000008dd00000, 0x000000008dd00000| Complete 
| 222|0x000000008de00000, 0x000000008df00000, 0x000000008df00000|100%| E|CS|TAMS 0x000000008de00000, 0x000000008de00000| Complete 
| 223|0x000000008df00000, 0x000000008e000000, 0x000000008e000000|100%| E|CS|TAMS 0x000000008df00000, 0x000000008df00000| Complete 
| 224|0x000000008e000000, 0x000000008e100000, 0x000000008e100000|100%| E|CS|TAMS 0x000000008e000000, 0x000000008e000000| Complete 
| 225|0x000000008e100000, 0x000000008e200000, 0x000000008e200000|100%| E|CS|TAMS 0x000000008e100000, 0x000000008e100000| Complete 
| 226|0x000000008e200000, 0x000000008e300000, 0x000000008e300000|100%| E|CS|TAMS 0x000000008e200000, 0x000000008e200000| Complete 
| 227|0x000000008e300000, 0x000000008e400000, 0x000000008e400000|100%| E|CS|TAMS 0x000000008e300000, 0x000000008e300000| Complete 
| 228|0x000000008e400000, 0x000000008e500000, 0x000000008e500000|100%| E|CS|TAMS 0x000000008e400000, 0x000000008e400000| Complete 
| 229|0x000000008e500000, 0x000000008e600000, 0x000000008e600000|100%| E|CS|TAMS 0x000000008e500000, 0x000000008e500000| Complete 
| 230|0x000000008e600000, 0x000000008e700000, 0x000000008e700000|100%| E|CS|TAMS 0x000000008e600000, 0x000000008e600000| Complete 
| 231|0x000000008e700000, 0x000000008e800000, 0x000000008e800000|100%| E|CS|TAMS 0x000000008e700000, 0x000000008e700000| Complete 
| 232|0x000000008e800000, 0x000000008e900000, 0x000000008e900000|100%| E|CS|TAMS 0x000000008e800000, 0x000000008e800000| Complete 
| 233|0x000000008e900000, 0x000000008ea00000, 0x000000008ea00000|100%| E|CS|TAMS 0x000000008e900000, 0x000000008e900000| Complete 
| 234|0x000000008ea00000, 0x000000008eb00000, 0x000000008eb00000|100%| E|CS|TAMS 0x000000008ea00000, 0x000000008ea00000| Complete 
| 235|0x000000008eb00000, 0x000000008ec00000, 0x000000008ec00000|100%| E|CS|TAMS 0x000000008eb00000, 0x000000008eb00000| Complete 
| 236|0x000000008ec00000, 0x000000008ed00000, 0x000000008ed00000|100%| E|CS|TAMS 0x000000008ec00000, 0x000000008ec00000| Complete 
| 237|0x000000008ed00000, 0x000000008ee00000, 0x000000008ee00000|100%| E|CS|TAMS 0x000000008ed00000, 0x000000008ed00000| Complete 
| 238|0x000000008ee00000, 0x000000008ef00000, 0x000000008ef00000|100%| E|CS|TAMS 0x000000008ee00000, 0x000000008ee00000| Complete 
| 239|0x000000008ef00000, 0x000000008f000000, 0x000000008f000000|100%| E|CS|TAMS 0x000000008ef00000, 0x000000008ef00000| Complete 
| 240|0x000000008f000000, 0x000000008f100000, 0x000000008f100000|100%| E|CS|TAMS 0x000000008f000000, 0x000000008f000000| Complete 
| 241|0x000000008f100000, 0x000000008f200000, 0x000000008f200000|100%| E|CS|TAMS 0x000000008f100000, 0x000000008f100000| Complete 
| 242|0x000000008f200000, 0x000000008f300000, 0x000000008f300000|100%| E|CS|TAMS 0x000000008f200000, 0x000000008f200000| Complete 

Card table byte_map: [0x000001bddc1e0000,0x000001bddc5e0000] _byte_map_base: 0x000001bddbde0000

Marking Bits (Prev, Next): (CMBitMap*) 0x000001bdc92f1990, (CMBitMap*) 0x000001bdc92f1958
 Prev Bits: [0x000001bdde9e0000, 0x000001bde09e0000)
 Next Bits: [0x000001bddc9e0000, 0x000001bdde9e0000)

Polling page: 0x000001bdc7190000

Metaspace:

Usage:
  Non-class:     81.26 MB capacity,    79.62 MB ( 98%) used,     1.39 MB (  2%) free+waste,   250.25 KB ( <1%) overhead. 
      Class:     12.45 MB capacity,    11.61 MB ( 93%) used,   742.86 KB (  6%) free+waste,   115.94 KB ( <1%) overhead. 
       Both:     93.71 MB capacity,    91.23 MB ( 97%) used,     2.12 MB (  2%) free+waste,   366.19 KB ( <1%) overhead. 

Virtual space:
  Non-class space:       82.00 MB reserved,      81.50 MB (>99%) committed 
      Class space:        1.00 GB reserved,      12.50 MB (  1%) committed 
             Both:        1.08 GB reserved,      94.00 MB (  8%) committed 

Chunk freelists:
   Non-Class:  57.00 KB
       Class:  16.00 KB
        Both:  73.00 KB

MaxMetaspaceSize: 17179869184.00 GB
CompressedClassSpaceSize: 1.00 GB
Initial GC threshold: 20.80 MB
Current GC threshold: 156.67 MB
CDS: off

CodeHeap 'non-profiled nmethods': size=120064Kb used=6087Kb max_used=6087Kb free=113976Kb
 bounds [0x000001bdd48a0000, 0x000001bdd4ea0000, 0x000001bddbde0000]
CodeHeap 'profiled nmethods': size=120000Kb used=21335Kb max_used=21335Kb free=98664Kb
 bounds [0x000001bdcd370000, 0x000001bdce850000, 0x000001bdd48a0000]
CodeHeap 'non-nmethods': size=5696Kb used=2374Kb max_used=2462Kb free=3321Kb
 bounds [0x000001bdccde0000, 0x000001bdcd050000, 0x000001bdcd370000]
 total_blobs=10120 nmethods=9224 adapters=809
 compilation: enabled
              stopped_count=0, restarted_count=0
 full_count=0

Compilation events (20 events):
Event: 48.597 Thread 0x000001bde2ef6800 9341 %     3       org.objectweb.asm.SymbolTable::addConstantUtf8 @ 12 (98 bytes)
Event: 48.599 Thread 0x000001bde2ef6800 nmethod 9341% 0x000001bdce841210 code [0x000001bdce841460, 0x000001bdce841bb8]
Event: 48.609 Thread 0x000001bde2ef6800 9342       3       org.objectweb.asm.SymbolTable::addConstantUtf8 (98 bytes)
Event: 48.610 Thread 0x000001bde2ef6800 nmethod 9342 0x000001bdce841f90 code [0x000001bdce8421e0, 0x000001bdce842858]
Event: 48.681 Thread 0x000001bde2ef6800 9344       2       org.objectweb.asm.tree.MethodNode::visitIntInsn (17 bytes)
Event: 48.681 Thread 0x000001bde2ef6800 nmethod 9344 0x000001bdce842c10 code [0x000001bdce842dc0, 0x000001bdce842f48]
Event: 48.681 Thread 0x000001bde2ef6800 9345       2       org.objectweb.asm.tree.IntInsnNode::<init> (11 bytes)
Event: 48.682 Thread 0x000001bde2ef6800 nmethod 9345 0x000001bdce843090 code [0x000001bdce843240, 0x000001bdce843338]
Event: 48.704 Thread 0x000001bde2ef6800 9346       2       org.objectweb.asm.tree.IntInsnNode::accept (18 bytes)
Event: 48.705 Thread 0x000001bde2ef6800 nmethod 9346 0x000001bdce843410 code [0x000001bdce8435e0, 0x000001bdce843738]
Event: 48.705 Thread 0x000001bde2ef6800 9347       2       org.objectweb.asm.MethodWriter::visitIntInsn (113 bytes)
Event: 48.706 Thread 0x000001bde2ef6800 nmethod 9347 0x000001bdce843810 code [0x000001bdce8439e0, 0x000001bdce843c28]
Event: 48.961 Thread 0x000001bde2ef6800 9351 %     3       com.android.builder.testing.MockableJarGenerator::skipClass @ 8 (42 bytes)
Event: 48.962 Thread 0x000001bde2ef6800 nmethod 9351% 0x000001bdce843d90 code [0x000001bdce843fa0, 0x000001bdce8445d8]
Event: 48.963 Thread 0x000001bde2ef6800 9352       3       com.android.builder.testing.MockableJarGenerator::skipClass (42 bytes)
Event: 48.963 Thread 0x000001bde2ef6800 nmethod 9352 0x000001bdce844810 code [0x000001bdce844a20, 0x000001bdce844ff8]
Event: 49.005 Thread 0x000001bde2ef6800 9353       2       java.util.HashMap$ValueSpliterator::tryAdvance (138 bytes)
Event: 49.006 Thread 0x000001bde2ef6800 nmethod 9353 0x000001bdce845210 code [0x000001bdce845420, 0x000001bdce8458b8]
Event: 49.006 Thread 0x000001bde2ef6800 9354       2       java.lang.management.ManagementFactory$PlatformMBeanFinder$$Lambda$61/0x0000000100162040::test (12 bytes)
Event: 49.006 Thread 0x000001bde2ef6800 nmethod 9354 0x000001bdce845b10 code [0x000001bdce845ce0, 0x000001bdce845e98]

GC Heap History (20 events):
Event: 40.408 GC heap before
{Heap before GC invocations=57 (full 0):
 garbage-first heap   total 206848K, used 177922K [0x0000000080000000, 0x0000000100000000)
  region size 1024K, 19 young (19456K), 3 survivors (3072K)
 Metaspace       used 82195K, capacity 84302K, committed 84608K, reserved 1122304K
  class space    used 10489K, capacity 11298K, committed 11392K, reserved 1048576K
}
Event: 40.421 GC heap after
{Heap after GC invocations=58 (full 0):
 garbage-first heap   total 206848K, used 162607K [0x0000000080000000, 0x0000000100000000)
  region size 1024K, 3 young (3072K), 3 survivors (3072K)
 Metaspace       used 82195K, capacity 84302K, committed 84608K, reserved 1122304K
  class space    used 10489K, capacity 11298K, committed 11392K, reserved 1048576K
}
Event: 40.826 GC heap before
{Heap before GC invocations=58 (full 0):
 garbage-first heap   total 206848K, used 178991K [0x0000000080000000, 0x0000000100000000)
  region size 1024K, 19 young (19456K), 3 survivors (3072K)
 Metaspace       used 82817K, capacity 84949K, committed 85120K, reserved 1122304K
  class space    used 10578K, capacity 11364K, committed 11392K, reserved 1048576K
}
Event: 40.845 GC heap after
{Heap after GC invocations=59 (full 0):
 garbage-first heap   total 206848K, used 162572K [0x0000000080000000, 0x0000000100000000)
  region size 1024K, 2 young (2048K), 2 survivors (2048K)
 Metaspace       used 82817K, capacity 84949K, committed 85120K, reserved 1122304K
  class space    used 10578K, capacity 11364K, committed 11392K, reserved 1048576K
}
Event: 40.961 GC heap before
{Heap before GC invocations=60 (full 0):
 garbage-first heap   total 206848K, used 176908K [0x0000000080000000, 0x0000000100000000)
  region size 1024K, 18 young (18432K), 2 survivors (2048K)
 Metaspace       used 83524K, capacity 85653K, committed 85760K, reserved 1124352K
  class space    used 10636K, capacity 11428K, committed 11520K, reserved 1048576K
}
Event: 40.967 GC heap after
{Heap after GC invocations=61 (full 0):
 garbage-first heap   total 206848K, used 163090K [0x0000000080000000, 0x0000000100000000)
  region size 1024K, 2 young (2048K), 2 survivors (2048K)
 Metaspace       used 83524K, capacity 85653K, committed 85760K, reserved 1124352K
  class space    used 10636K, capacity 11428K, committed 11520K, reserved 1048576K
}
Event: 41.096 GC heap before
{Heap before GC invocations=61 (full 0):
 garbage-first heap   total 206848K, used 181522K [0x0000000080000000, 0x0000000100000000)
  region size 1024K, 19 young (19456K), 2 survivors (2048K)
 Metaspace       used 84871K, capacity 87029K, committed 87168K, reserved 1124352K
  class space    used 10736K, capacity 11524K, committed 11648K, reserved 1048576K
}
Event: 41.102 GC heap after
{Heap after GC invocations=62 (full 0):
 garbage-first heap   total 248832K, used 162761K [0x0000000080000000, 0x0000000100000000)
  region size 1024K, 2 young (2048K), 2 survivors (2048K)
 Metaspace       used 84871K, capacity 87029K, committed 87168K, reserved 1124352K
  class space    used 10736K, capacity 11524K, committed 11648K, reserved 1048576K
}
Event: 43.341 GC heap before
{Heap before GC invocations=63 (full 0):
 garbage-first heap   total 248832K, used 205769K [0x0000000080000000, 0x0000000100000000)
  region size 1024K, 44 young (45056K), 2 survivors (2048K)
 Metaspace       used 90506K, capacity 92855K, committed 93056K, reserved 1130496K
  class space    used 11492K, capacity 12300K, committed 12416K, reserved 1048576K
}
Event: 43.354 GC heap after
{Heap after GC invocations=64 (full 0):
 garbage-first heap   total 248832K, used 164686K [0x0000000080000000, 0x0000000100000000)
  region size 1024K, 4 young (4096K), 4 survivors (4096K)
 Metaspace       used 90506K, capacity 92855K, committed 93056K, reserved 1130496K
  class space    used 11492K, capacity 12300K, committed 12416K, reserved 1048576K
}
Event: 44.798 GC heap before
{Heap before GC invocations=64 (full 0):
 garbage-first heap   total 248832K, used 196430K [0x0000000080000000, 0x0000000100000000)
  region size 1024K, 36 young (36864K), 4 survivors (4096K)
 Metaspace       used 92987K, capacity 95510K, committed 95744K, reserved 1132544K
  class space    used 11872K, capacity 12752K, committed 12800K, reserved 1048576K
}
Event: 44.816 GC heap after
{Heap after GC invocations=65 (full 0):
 garbage-first heap   total 248832K, used 166798K [0x0000000080000000, 0x0000000100000000)
  region size 1024K, 5 young (5120K), 5 survivors (5120K)
 Metaspace       used 92987K, capacity 95510K, committed 95744K, reserved 1132544K
  class space    used 11872K, capacity 12752K, committed 12800K, reserved 1048576K
}
Event: 46.352 GC heap before
{Heap before GC invocations=66 (full 0):
 garbage-first heap   total 248832K, used 211854K [0x0000000080000000, 0x0000000100000000)
  region size 1024K, 47 young (48128K), 5 survivors (5120K)
 Metaspace       used 93413K, capacity 95958K, committed 96256K, reserved 1132544K
  class space    used 11893K, capacity 12752K, committed 12800K, reserved 1048576K
}
Event: 46.372 GC heap after
{Heap after GC invocations=67 (full 0):
 garbage-first heap   total 248832K, used 171766K [0x0000000080000000, 0x0000000100000000)
  region size 1024K, 5 young (5120K), 5 survivors (5120K)
 Metaspace       used 93413K, capacity 95958K, committed 96256K, reserved 1132544K
  class space    used 11893K, capacity 12752K, committed 12800K, reserved 1048576K
}
Event: 47.071 GC heap before
{Heap before GC invocations=67 (full 0):
 garbage-first heap   total 248832K, used 211702K [0x0000000080000000, 0x0000000100000000)
  region size 1024K, 44 young (45056K), 5 survivors (5120K)
 Metaspace       used 93415K, capacity 95958K, committed 96256K, reserved 1132544K
  class space    used 11893K, capacity 12752K, committed 12800K, reserved 1048576K
}
Event: 47.084 GC heap after
{Heap after GC invocations=68 (full 0):
 garbage-first heap   total 248832K, used 172265K [0x0000000080000000, 0x0000000100000000)
  region size 1024K, 4 young (4096K), 4 survivors (4096K)
 Metaspace       used 93415K, capacity 95958K, committed 96256K, reserved 1132544K
  class space    used 11893K, capacity 12752K, committed 12800K, reserved 1048576K
}
Event: 48.130 GC heap before
{Heap before GC invocations=69 (full 0):
 garbage-first heap   total 248832K, used 213225K [0x0000000080000000, 0x0000000100000000)
  region size 1024K, 44 young (45056K), 4 survivors (4096K)
 Metaspace       used 93417K, capacity 95958K, committed 96256K, reserved 1132544K
  class space    used 11893K, capacity 12752K, committed 12800K, reserved 1048576K
}
Event: 48.137 GC heap after
{Heap after GC invocations=70 (full 0):
 garbage-first heap   total 248832K, used 172162K [0x0000000080000000, 0x0000000100000000)
  region size 1024K, 4 young (4096K), 4 survivors (4096K)
 Metaspace       used 93417K, capacity 95958K, committed 96256K, reserved 1132544K
  class space    used 11893K, capacity 12752K, committed 12800K, reserved 1048576K
}
Event: 48.726 GC heap before
{Heap before GC invocations=70 (full 0):
 garbage-first heap   total 248832K, used 213122K [0x0000000080000000, 0x0000000100000000)
  region size 1024K, 44 young (45056K), 4 survivors (4096K)
 Metaspace       used 93420K, capacity 95958K, committed 96256K, reserved 1132544K
  class space    used 11893K, capacity 12752K, committed 12800K, reserved 1048576K
}
Event: 48.731 GC heap after
{Heap after GC invocations=71 (full 0):
 garbage-first heap   total 248832K, used 172360K [0x0000000080000000, 0x0000000100000000)
  region size 1024K, 1 young (1024K), 1 survivors (1024K)
 Metaspace       used 93420K, capacity 95958K, committed 96256K, reserved 1132544K
  class space    used 11893K, capacity 12752K, committed 12800K, reserved 1048576K
}

Deoptimization events (20 events):
Event: 48.056 Thread 0x000001bde3e7b800 DEOPT PACKING pc=0x000001bdce837a9b sp=0x0000002f98bf5d90
Event: 48.056 Thread 0x000001bde3e7b800 DEOPT UNPACKING pc=0x000001bdcce2a95e sp=0x0000002f98bf5200 mode 0
Event: 48.067 Thread 0x000001bde3e7b800 DEOPT PACKING pc=0x000001bdce837a9b sp=0x0000002f98bf5e20
Event: 48.067 Thread 0x000001bde3e7b800 DEOPT UNPACKING pc=0x000001bdcce2a95e sp=0x0000002f98bf5290 mode 0
Event: 48.073 Thread 0x000001bde3e7b800 DEOPT PACKING pc=0x000001bdce837a9b sp=0x0000002f98bf5d90
Event: 48.073 Thread 0x000001bde3e7b800 DEOPT UNPACKING pc=0x000001bdcce2a95e sp=0x0000002f98bf5200 mode 0
Event: 48.081 Thread 0x000001bde3e7b800 DEOPT PACKING pc=0x000001bdce837a9b sp=0x0000002f98bf5e20
Event: 48.081 Thread 0x000001bde3e7b800 DEOPT UNPACKING pc=0x000001bdcce2a95e sp=0x0000002f98bf5290 mode 0
Event: 48.092 Thread 0x000001bde3e7b800 DEOPT PACKING pc=0x000001bdce837a9b sp=0x0000002f98bf5cb0
Event: 48.092 Thread 0x000001bde3e7b800 DEOPT UNPACKING pc=0x000001bdcce2a95e sp=0x0000002f98bf5120 mode 0
Event: 48.097 Thread 0x000001bde3e7b800 DEOPT PACKING pc=0x000001bdce837a9b sp=0x0000002f98bf5d90
Event: 48.097 Thread 0x000001bde3e7b800 DEOPT UNPACKING pc=0x000001bdcce2a95e sp=0x0000002f98bf5200 mode 0
Event: 48.105 Thread 0x000001bde3e7b800 DEOPT PACKING pc=0x000001bdce837a9b sp=0x0000002f98bf5a30
Event: 48.105 Thread 0x000001bde3e7b800 DEOPT UNPACKING pc=0x000001bdcce2a95e sp=0x0000002f98bf4ea0 mode 0
Event: 48.114 Thread 0x000001bde3e7b800 DEOPT PACKING pc=0x000001bdce837a9b sp=0x0000002f98bf5f90
Event: 48.114 Thread 0x000001bde3e7b800 DEOPT UNPACKING pc=0x000001bdcce2a95e sp=0x0000002f98bf5400 mode 0
Event: 48.122 Thread 0x000001bde3e7b800 DEOPT PACKING pc=0x000001bdce837a9b sp=0x0000002f98bf5e20
Event: 48.122 Thread 0x000001bde3e7b800 DEOPT UNPACKING pc=0x000001bdcce2a95e sp=0x0000002f98bf5290 mode 0
Event: 48.964 Thread 0x000001bde3e7b800 DEOPT PACKING pc=0x000001bdce7bd4a7 sp=0x0000002f98bf64c0
Event: 48.964 Thread 0x000001bde3e7b800 DEOPT UNPACKING pc=0x000001bdcce2a95e sp=0x0000002f98bf5978 mode 0

Classes redefined (0 events):
No events

Internal exceptions (20 events):
Event: 39.616 Thread 0x000001bde3e7b800 Exception <a 'java/lang/ClassNotFoundException'{0x000000008c3e45a8}: java/util/AbstractMapCustomizer> (0x000000008c3e45a8) thrown at [src/hotspot/share/classfile/systemDictionary.cpp, line 230]
Event: 39.618 Thread 0x000001bde3e7b800 Exception <a 'java/lang/ClassNotFoundException'{0x000000008c3f7480}: java/util/HashMapCustomizer> (0x000000008c3f7480) thrown at [src/hotspot/share/classfile/systemDictionary.cpp, line 230]
Event: 39.621 Thread 0x000001bde3e7b800 Exception <a 'java/lang/ClassNotFoundException'{0x000000008c218718}: java/util/LinkedHashMapCustomizer> (0x000000008c218718) thrown at [src/hotspot/share/classfile/systemDictionary.cpp, line 230]
Event: 41.202 Thread 0x000001bde7ba8800 Exception <a 'java/lang/NoSuchMethodError'{0x000000008f058790}: <clinit>> (0x000000008f058790) thrown at [src/hotspot/share/prims/jni.cpp, line 1367]
Event: 41.477 Thread 0x000001bde3e7b800 Exception <a 'sun/nio/fs/WindowsException'{0x000000008ec6aef0}> (0x000000008ec6aef0) thrown at [src/hotspot/share/prims/jni.cpp, line 617]
Event: 41.478 Thread 0x000001bde3e7b800 Exception <a 'sun/nio/fs/WindowsException'{0x000000008ec6b2d0}> (0x000000008ec6b2d0) thrown at [src/hotspot/share/prims/jni.cpp, line 617]
Event: 41.796 Thread 0x000001bde3e7b800 Exception <a 'java/lang/NullPointerException'{0x000000008e204eb0}> (0x000000008e204eb0) thrown at [src/hotspot/share/interpreter/linkResolver.cpp, line 1440]
Event: 42.118 Thread 0x000001bde3e7b800 Implicit null exception at 0x000001bdd4c6e16b to 0x000001bdd4c6f97c
Event: 42.723 Thread 0x000001bde3e7b800 Exception <a 'java/lang/NoSuchMethodError'{0x000000008d228b48}: 'int java.lang.invoke.DirectMethodHandle$Holder.invokeStatic(java.lang.Object, java.lang.Object, int, java.lang.Object)'> (0x000000008d228b48) thrown at [src/hotspot/share/interpreter/linkResolver.cpp, line 773]
Event: 42.903 Thread 0x000001bde3e7b800 Exception <a 'sun/nio/fs/WindowsException'{0x000000008d15ef90}> (0x000000008d15ef90) thrown at [src/hotspot/share/prims/jni.cpp, line 617]
Event: 42.904 Thread 0x000001bde3e7b800 Exception <a 'sun/nio/fs/WindowsException'{0x000000008d160308}> (0x000000008d160308) thrown at [src/hotspot/share/prims/jni.cpp, line 617]
Event: 42.905 Thread 0x000001bde3e7b800 Exception <a 'sun/nio/fs/WindowsException'{0x000000008d1616d0}> (0x000000008d1616d0) thrown at [src/hotspot/share/prims/jni.cpp, line 617]
Event: 42.905 Thread 0x000001bde3e7b800 Exception <a 'sun/nio/fs/WindowsException'{0x000000008d162a98}> (0x000000008d162a98) thrown at [src/hotspot/share/prims/jni.cpp, line 617]
Event: 43.536 Thread 0x000001bde3e7b800 Exception <a 'java/lang/NoSuchMethodError'{0x000000008eefdc30}: 'int java.lang.invoke.DirectMethodHandle$Holder.invokeSpecialIFC(java.lang.Object, java.lang.Object, java.lang.Object)'> (0x000000008eefdc30) thrown at [src/hotspot/share/interpreter/linkResolver.cpp, line 773]
Event: 43.713 Thread 0x000001bde3e7b800 Exception <a 'java/lang/NoSuchMethodError'{0x000000008ebe5f68}: 'java.lang.Object java.lang.invoke.Invokers$Holder.linkToTargetMethod(java.lang.Object, java.lang.Object, java.lang.Object, int, java.lang.Object, java.lang.Object)'> (0x000000008ebe5f68) thrown at [src/hotspot/share/interpreter/linkResolver.cpp, line 773]
Event: 44.418 Thread 0x000001bde3e7b800 Exception <a 'java/lang/NoSuchMethodError'{0x000000008dcad1a8}: 'void java.lang.invoke.DirectMethodHandle$Holder.invokeStatic(java.lang.Object, java.lang.Object, java.lang.Object, java.lang.Object, int, java.lang.Object, java.lang.Object)'> (0x000000008dcad1a8) thrown at [src/hotspot/share/interpreter/linkResolver.cpp, line 773]
Event: 44.488 Thread 0x000001bde3e7b800 Exception <a 'java/lang/IncompatibleClassChangeError'{0x000000008da68038}: Found class java.lang.Object, but interface was expected> (0x000000008da68038) thrown at [src/hotspot/share/interpreter/linkResolver.cpp, line 839]
Event: 44.602 Thread 0x000001bde3e7b800 Exception <a 'java/lang/IncompatibleClassChangeError'{0x000000008d89aea8}: Found class java.lang.Object, but interface was expected> (0x000000008d89aea8) thrown at [src/hotspot/share/interpreter/linkResolver.cpp, line 839]
Event: 44.665 Thread 0x000001bde3e7b800 Exception <a 'java/lang/NoSuchMethodError'{0x000000008d6902a0}: 'int java.lang.invoke.DirectMethodHandle$Holder.invokeStaticInit(java.lang.Object, java.lang.Object, java.lang.Object, java.lang.Object, java.lang.Object)'> (0x000000008d6902a0) thrown at [src/hotspot/share/interpreter/linkResolver.cpp, line 773]
Event: 44.730 Thread 0x000001bde3e7b800 Exception <a 'java/lang/NoSuchMethodError'{0x000000008d5efa08}: 'void java.lang.invoke.DirectMethodHandle$Holder.invokeVirtual(java.lang.Object, java.lang.Object)'> (0x000000008d5efa08) thrown at [src/hotspot/share/interpreter/linkResolver.cpp, line 773]

Events (20 events):
Event: 45.112 Executing VM operation: CGC_Operation done
Event: 45.262 Executing VM operation: CGC_Operation
Event: 45.263 Executing VM operation: CGC_Operation done
Event: 45.461 Executing VM operation: RevokeBias
Event: 45.462 Executing VM operation: RevokeBias done
Event: 46.139 Loaded shared library C:\Program Files\Android\Android Studio\jbr\bin\zip.dll
Event: 46.352 Executing VM operation: G1CollectForAllocation
Event: 46.372 Executing VM operation: G1CollectForAllocation done
Event: 47.070 Executing VM operation: G1CollectForAllocation
Event: 47.084 Executing VM operation: G1CollectForAllocation done
Event: 47.377 Executing VM operation: CGC_Operation
Event: 47.403 Executing VM operation: CGC_Operation done
Event: 47.576 Executing VM operation: CGC_Operation
Event: 47.577 Executing VM operation: CGC_Operation done
Event: 48.130 Executing VM operation: G1CollectForAllocation
Event: 48.137 Executing VM operation: G1CollectForAllocation done
Event: 48.726 Executing VM operation: G1CollectForAllocation
Event: 48.731 Executing VM operation: G1CollectForAllocation done
Event: 49.033 Executing VM operation: CGC_Operation
Event: 49.055 Executing VM operation: CGC_Operation done


Dynamic libraries:
0x00007ff751870000 - 0x00007ff75187a000 	C:\Program Files\Android\Android Studio\jbr\bin\java.exe
0x00007ffe269b0000 - 0x00007ffe26ba8000 	C:\WINDOWS\SYSTEM32\ntdll.dll
0x00007ffe26620000 - 0x00007ffe266df000 	C:\WINDOWS\System32\KERNEL32.DLL
0x00007ffe240c0000 - 0x00007ffe2439a000 	C:\WINDOWS\System32\KERNELBASE.dll
0x00007ffe243a0000 - 0x00007ffe244a0000 	C:\WINDOWS\System32\ucrtbase.dll
0x00007ffe11630000 - 0x00007ffe11647000 	C:\Program Files\Android\Android Studio\jbr\bin\jli.dll
0x00007ffe0fb30000 - 0x00007ffe0fb4b000 	C:\Program Files\Android\Android Studio\jbr\bin\VCRUNTIME140.dll
0x00007ffe26350000 - 0x00007ffe264ed000 	C:\WINDOWS\System32\USER32.dll
0x00007ffe23450000 - 0x00007ffe236ea000 	C:\WINDOWS\WinSxS\amd64_microsoft.windows.common-controls_6595b64144ccf1df_6.0.19041.1110_none_60b5254171f9507e\COMCTL32.dll
0x00007ffe24550000 - 0x00007ffe24572000 	C:\WINDOWS\System32\win32u.dll
0x00007ffe24f30000 - 0x00007ffe24fce000 	C:\WINDOWS\System32\msvcrt.dll
0x00007ffe24ee0000 - 0x00007ffe24f0b000 	C:\WINDOWS\System32\GDI32.dll
0x00007ffe248d0000 - 0x00007ffe249e0000 	C:\WINDOWS\System32\gdi32full.dll
0x00007ffe245d0000 - 0x00007ffe2466d000 	C:\WINDOWS\System32\msvcp_win.dll
0x00007ffe260a0000 - 0x00007ffe260d0000 	C:\WINDOWS\System32\IMM32.DLL
0x00007ffe1d8c0000 - 0x00007ffe1d8cc000 	C:\Program Files\Android\Android Studio\jbr\bin\vcruntime140_1.dll
0x00007ffdfbc90000 - 0x00007ffdfbd1d000 	C:\Program Files\Android\Android Studio\jbr\bin\msvcp140.dll
0x00007ffdbd390000 - 0x00007ffdbdf4c000 	C:\Program Files\Android\Android Studio\jbr\bin\server\jvm.dll
0x00007ffe253d0000 - 0x00007ffe2547e000 	C:\WINDOWS\System32\ADVAPI32.dll
0x00007ffe25480000 - 0x00007ffe2551c000 	C:\WINDOWS\System32\sechost.dll
0x00007ffe264f0000 - 0x00007ffe26616000 	C:\WINDOWS\System32\RPCRT4.dll
0x00007ffe268a0000 - 0x00007ffe268a8000 	C:\WINDOWS\System32\PSAPI.DLL
0x00007ffe22500000 - 0x00007ffe22509000 	C:\WINDOWS\SYSTEM32\WSOCK32.dll
0x00007ffe1b8f0000 - 0x00007ffe1b917000 	C:\WINDOWS\SYSTEM32\WINMM.dll
0x00007ffe25360000 - 0x00007ffe253cb000 	C:\WINDOWS\System32\WS2_32.dll
0x00007ffe211f0000 - 0x00007ffe211fa000 	C:\WINDOWS\SYSTEM32\VERSION.dll
0x00007ffe21160000 - 0x00007ffe21172000 	C:\WINDOWS\SYSTEM32\kernel.appcore.dll
0x00007ffe18810000 - 0x00007ffe18820000 	C:\Program Files\Android\Android Studio\jbr\bin\verify.dll
0x00007ffe23ad0000 - 0x00007ffe23cb4000 	C:\WINDOWS\SYSTEM32\DBGHELP.DLL
0x00007ffe23870000 - 0x00007ffe238a4000 	C:\WINDOWS\SYSTEM32\dbgcore.DLL
0x00007ffe24670000 - 0x00007ffe246f2000 	C:\WINDOWS\System32\bcryptPrimitives.dll
0x00007ffe18220000 - 0x00007ffe18248000 	C:\Program Files\Android\Android Studio\jbr\bin\java.dll
0x00007ffe18210000 - 0x00007ffe1821a000 	C:\Program Files\Android\Android Studio\jbr\bin\jimage.dll
0x00007ffe181f0000 - 0x00007ffe18208000 	C:\Program Files\Android\Android Studio\jbr\bin\zip.dll
0x00007ffe25520000 - 0x00007ffe25c64000 	C:\WINDOWS\System32\SHELL32.dll
0x00007ffe21380000 - 0x00007ffe21b13000 	C:\WINDOWS\SYSTEM32\windows.storage.dll
0x00007ffe25d40000 - 0x00007ffe26094000 	C:\WINDOWS\System32\combase.dll
0x00007ffe233b0000 - 0x00007ffe233de000 	C:\WINDOWS\SYSTEM32\Wldp.dll
0x00007ffe268c0000 - 0x00007ffe2696d000 	C:\WINDOWS\System32\SHCORE.dll
0x00007ffe25ce0000 - 0x00007ffe25d35000 	C:\WINDOWS\System32\shlwapi.dll
0x00007ffe24000000 - 0x00007ffe2401f000 	C:\WINDOWS\SYSTEM32\profapi.dll
0x00007ffe181d0000 - 0x00007ffe181e9000 	C:\Program Files\Android\Android Studio\jbr\bin\net.dll
0x00007ffe1b970000 - 0x00007ffe1ba7a000 	C:\WINDOWS\SYSTEM32\WINHTTP.dll
0x00007ffe23280000 - 0x00007ffe232ea000 	C:\WINDOWS\system32\mswsock.dll
0x00007ffe181b0000 - 0x00007ffe181c3000 	C:\Program Files\Android\Android Studio\jbr\bin\nio.dll
0x00007ffe18100000 - 0x00007ffe18127000 	C:\Users\masaw\AndroidStudioProjects\WhatsAppSender\native\e1d6ef7f7dcc3fd88c89a11ec53ec762bb8ba0a96d01ffa2cd45eb1d1d8dd5c5\windows-amd64\native-platform.dll
0x00007ffde9350000 - 0x00007ffde9494000 	C:\Users\masaw\AndroidStudioProjects\WhatsAppSender\native\5664cfc778a61ccfe75a443a1ab52a65af34e5dc3c78e0209fed803814484fcb\windows-amd64\native-platform-file-events.dll
0x00007ffe181a0000 - 0x00007ffe181aa000 	C:\Program Files\Android\Android Studio\jbr\bin\management.dll
0x00007ffe13b50000 - 0x00007ffe13b5b000 	C:\Program Files\Android\Android Studio\jbr\bin\management_ext.dll
0x00007ffe23de0000 - 0x00007ffe23df8000 	C:\WINDOWS\SYSTEM32\CRYPTSP.dll
0x00007ffe22a90000 - 0x00007ffe22ac4000 	C:\WINDOWS\system32\rsaenh.dll
0x00007ffe249e0000 - 0x00007ffe24a07000 	C:\WINDOWS\System32\bcrypt.dll
0x00007ffe23f80000 - 0x00007ffe23fae000 	C:\WINDOWS\SYSTEM32\USERENV.dll
0x00007ffe23370000 - 0x00007ffe2337c000 	C:\WINDOWS\SYSTEM32\CRYPTBASE.dll
0x00007ffe22e00000 - 0x00007ffe22e3c000 	C:\WINDOWS\SYSTEM32\IPHLPAPI.DLL
0x00007ffe268b0000 - 0x00007ffe268b8000 	C:\WINDOWS\System32\NSI.dll
0x00007ffe1bfe0000 - 0x00007ffe1bff7000 	C:\WINDOWS\SYSTEM32\dhcpcsvc6.DLL
0x00007ffe1c840000 - 0x00007ffe1c85d000 	C:\WINDOWS\SYSTEM32\dhcpcsvc.DLL
0x00007ffe22e40000 - 0x00007ffe22f0b000 	C:\WINDOWS\SYSTEM32\DNSAPI.dll

dbghelp: loaded successfully - version: 4.0.5 - missing functions: none
symbol engine: initialized successfully - sym options: 0x614 - pdb path: .;C:\Program Files\Android\Android Studio\jbr\bin;C:\WINDOWS\SYSTEM32;C:\WINDOWS\WinSxS\amd64_microsoft.windows.common-controls_6595b64144ccf1df_6.0.19041.1110_none_60b5254171f9507e;C:\Program Files\Android\Android Studio\jbr\bin\server;C:\Users\masaw\AndroidStudioProjects\WhatsAppSender\native\e1d6ef7f7dcc3fd88c89a11ec53ec762bb8ba0a96d01ffa2cd45eb1d1d8dd5c5\windows-amd64;C:\Users\masaw\AndroidStudioProjects\WhatsAppSender\native\5664cfc778a61ccfe75a443a1ab52a65af34e5dc3c78e0209fed803814484fcb\windows-amd64

VM Arguments:
jvm_args: --add-opens=java.base/java.util=ALL-UNNAMED --add-opens=java.base/java.lang=ALL-UNNAMED --add-opens=java.base/java.lang.invoke=ALL-UNNAMED --add-opens=java.base/java.util=ALL-UNNAMED --add-opens=java.prefs/java.util.prefs=ALL-UNNAMED --add-opens=java.prefs/java.util.prefs=ALL-UNNAMED --add-opens=java.base/java.nio.charset=ALL-UNNAMED --add-opens=java.base/java.net=ALL-UNNAMED --add-opens=java.base/java.util.concurrent.atomic=ALL-UNNAMED -Xmx2048m -Dfile.encoding=UTF-8 -Duser.country=US -Duser.language=en -Duser.variant 
java_command: org.gradle.launcher.daemon.bootstrap.GradleDaemon 7.3.3
java_class_path (initial): C:\Users\masaw\AndroidStudioProjects\WhatsAppSender\wrapper\dists\gradle-7.3.3-bin\6a41zxkdtcxs8rphpq6y0069z\gradle-7.3.3\lib\gradle-launcher-7.3.3.jar
Launcher Type: SUN_STANDARD

[Global flags]
     intx CICompilerCount                          = 3                                         {product} {ergonomic}
     uint ConcGCThreads                            = 1                                         {product} {ergonomic}
     uint G1ConcRefinementThreads                  = 4                                         {product} {ergonomic}
   size_t G1HeapRegionSize                         = 1048576                                   {product} {ergonomic}
    uintx GCDrainStackTargetSize                   = 64                                        {product} {ergonomic}
   size_t InitialHeapSize                          = 117440512                                 {product} {ergonomic}
   size_t MarkStackSize                            = 4194304                                   {product} {ergonomic}
   size_t MaxHeapSize                              = 2147483648                                {product} {command line}
   size_t MaxNewSize                               = 1287651328                                {product} {ergonomic}
   size_t MinHeapDeltaBytes                        = 1048576                                   {product} {ergonomic}
    uintx NonNMethodCodeHeapSize                   = 5830732                                {pd product} {ergonomic}
    uintx NonProfiledCodeHeapSize                  = 122913754                              {pd product} {ergonomic}
    uintx ProfiledCodeHeapSize                     = 122913754                              {pd product} {ergonomic}
    uintx ReservedCodeCacheSize                    = 251658240                              {pd product} {ergonomic}
     bool SegmentedCodeCache                       = true                                      {product} {ergonomic}
     bool UseCompressedClassPointers               = true                                 {lp64_product} {ergonomic}
     bool UseCompressedOops                        = true                                 {lp64_product} {ergonomic}
     bool UseG1GC                                  = true                                      {product} {ergonomic}
     bool UseLargePagesIndividualAllocation        = false                                  {pd product} {ergonomic}

Logging:
Log output configuration:
 #0: stdout all=warning uptime,level,tags
 #1: stderr all=off uptime,level,tags

Environment Variables:
PATH=C:\Python310\Scripts\;C:\Python310\;C:\Program Files\Common Files\Oracle\Java\javapath;C:\WINDOWS\system32;C:\WINDOWS;C:\WINDOWS\System32\Wbem;C:\WINDOWS\System32\WindowsPowerShell\v1.0\;C:\WINDOWS\System32\OpenSSH\;C:\Program Files\Git\cmd;C:\ProgramData\chocolatey\bin;C:\Program Files\nodejs\;C:\Users\masaw\AppData\Local\Microsoft\WindowsApps;C:\Users\masaw\AppData\Local\Programs\Microsoft VS Code\bin;C:\Users\masaw\AppData\Roaming\npm;C:\flutter_windows_3.7.7-stable\flutter\bin;
USERNAME=masaw
OS=Windows_NT
PROCESSOR_IDENTIFIER=AMD64 Family 22 Model 48 Stepping 1, AuthenticAMD



---------------  S Y S T E M  ---------------

OS: Windows 10 , 64 bit Build 19041 (10.0.19041.2788)
OS uptime: 0 days 0:54 hours

CPU:total 4 (initial active 4) (4 cores per cpu, 1 threads per core) family 22 model 48 stepping 1 microcode 0x0, cmov, cx8, fxsr, mmx, sse, sse2, sse3, ssse3, sse4.1, sse4.2, popcnt, avx, aes, clmul, mmxext, 3dnowpref, lzcnt, sse4a, tsc, tscinvbit, tscinv, bmi1

Memory: 4k page, system-wide physical 7112M (1521M free)
TotalPageFile size 11080M (AvailPageFile size 5163M)
current process WorkingSet (physical memory assigned to process): 511M, peak: 516M
current process commit charge ("private bytes"): 544M, peak: 550M

vm_info: OpenJDK 64-Bit Server VM (11.0.15+0-b2043.56-9505619) for windows-amd64 JRE (11.0.15+0-b2043.56-9505619), built on Jan 19 2023 02:48:00 by "builduser" with unknown MS VC++:1929

END.
